#
# A fatal error has been detected by the Java Runtime Environment:
#
#  EXCEPTION_ACCESS_VIOLATION (0xc0000005) at pc=0x00007ffa6cb0362e, pid=5908, tid=3212
#
# JRE version: OpenJDK Runtime Environment AdoptOpenJDK-16.0.1+9 (16.0.1+9) (build 16.0.1+9)
# Java VM: OpenJDK 64-Bit Server VM AdoptOpenJDK-16.0.1+9 (16.0.1+9, mixed mode, sharing, tiered, compressed oops, compressed class ptrs, g1 gc, windows-amd64)
# Problematic frame:
# C  [native-platform-file-events.dll+0x2362e]
#
# No core dump will be written. Minidumps are not enabled by default on client versions of Windows
#
# If you would like to submit a bug report, please visit:
#   https://github.com/AdoptOpenJDK/openjdk-support/issues
# The crash happened outside the Java Virtual Machine in native code.
# See problematic frame for where to report the bug.
#

---------------  S U M M A R Y ------------

Command Line: -XX:MaxMetaspaceSize=256m -XX:+HeapDumpOnOutOfMemoryError --add-opens=java.base/java.util=ALL-UNNAMED --add-opens=java.base/java.lang=ALL-UNNAMED --add-opens=java.base/java.lang.invoke=ALL-UNNAMED --add-opens=java.base/java.util=ALL-UNNAMED --add-opens=java.prefs/java.util.prefs=ALL-UNNAMED --add-opens=java.prefs/java.util.prefs=ALL-UNNAMED --add-opens=java.base/java.nio.charset=ALL-UNNAMED --add-opens=java.base/java.net=ALL-UNNAMED --add-opens=java.base/java.util.concurrent.atomic=ALL-UNNAMED -Xms256m -Xmx512m -Dfile.encoding=windows-1252 -Duser.country=FR -Duser.language=fr -Duser.variant org.gradle.launcher.daemon.bootstrap.GradleDaemon 7.0

Host: Intel(R) Core(TM) i5-8400 CPU @ 2.80GHz, 6 cores, 15G,  Windows 10 , 64 bit Build 19041 (10.0.19041.1023)
Time: Wed Jul 28 16:45:40 2021 Paris, Madrid (heure duild 19041 (10.0.19041.1023) elapsed time: 17757.904331 seconds (0d 4h 55m 57s)

---------------  T H R E A D  ---------------

Current thread (0x000002023d4cd140):  JavaThread "File watcher server" daemon [_thread_in_native, id=3212, stack(0x00000056a8f00000,0x00000056a9000000)]

Stack: [0x00000056a8f00000,0x00000056a9000000],  sp=0x00000056a8ffe650,  free space=1017k
Native frames: (J=compiled Java code, j=interpreted, Vv=VM code, C=native code)
C  [native-platform-file-events.dll+0x2362e]

Java frames: (J=compiled Java code, j=interpreted, Vv=VM code)
j  net.rubygrapefruit.platform.internal.jni.AbstractFileEventFunctions$NativeFileWatcher.executeRunLoop0(Ljava/lang/Object;)V+0
j  net.rubygrapefruit.platform.internal.jni.AbstractFileEventFunctions$NativeFileWatcher.access$100(Lnet/rubygrapefruit/platform/internal/jni/AbstractFileEventFunctions$NativeFileWatcher;Ljava/lang/Object;)V+2
j  net.rubygrapefruit.platform.internal.jni.AbstractFileEventFunctions$NativeFileWatcher$1.run()V+26
v  ~StubRoutines::call_stub

siginfo: EXCEPTION_ACCESS_VIOLATION (0xc0000005), reading address 0xffffffffffffffff


Register to memory mapping:

RIP=0x00007ffa6cb0362e native-platform-file-events.dll
RAX=0x0061006800430065 is an unknown value
RBX=0x0000000000000001 is an unknown value
RCX=0x0061006800430065 is an unknown value
RDX=0x00000056a8ffe6a8 is pointing into the stack for thread: 0x000002023d4cd140
RSP=0x00000056a8ffe650 is pointing into the stack for thread: 0x000002023d4cd140
RBP=0x00000056a8fff048 is pointing into the stack for thread: 0x000002023d4cd140
RSI=0x0 is NULL
RDI=0x00000000ffffffff is an unallocated location in the heap
R8 =0x00000056a8ffe6b0 is pointing into the stack for thread: 0x000002023d4cd140
R9 =0x000000007ffef000 points into unknown readable memory: 0x00000000546c6148 | 48 61 6c 54 00 00 00 00
R10=0x00000000546c6148 is an unknown value
R11=0x0000000008eda8ec is an unknown value
R12=0x0 is NULL
R13={method} {0x00000202403635d8} 'executeRunLoop0' '(Ljava/lang/Object;)V' in 'net/rubygrapefruit/platform/internal/jni/AbstractFileEventFunctions$NativeFileWatcher'
R14=0x00000056a8fff070 is pointing into the stack for thread: 0x000002023d4cd140
R15=0x000002023d4cd140 is a thread


Registers:
RAX=0x0061006800430065, RBX=0x0000000000000001, RCX=0x0061006800430065, RDX=0x00000056a8ffe6a8
RSP=0x00000056a8ffe650, RBP=0x00000056a8fff048, RSI=0x0000000000000000, RDI=0x00000000ffffffff
R8 =0x00000056a8ffe6b0, R9 =0x000000007ffef000, R10=0x00000000546c6148, R11=0x0000000008eda8ec
R12=0x0000000000000000, R13=0x00000202403635d0, R14=0x00000056a8fff070, R15=0x000002023d4cd140
RIP=0x00007ffa6cb0362e, EFLAGS=0x0000000000010202

Top of Stack: (sp=0x00000056a8ffe650)
0x00000056a8ffe650:   0000182df5b70fd0 0000182df4b06f64
0x00000056a8ffe660:   0000182df5b70fd0 00007ffa6cb1e965
0x00000056a8ffe670:   00000056a8ffe728 00000056a8ffe6a8
0x00000056a8ffe680:   0000005600000000 00000056a8ffe6b8
0x00000056a8ffe690:   00000056a8ff0001 0000003de64c1214
0x00000056a8ffe6a0:   00000056a8ffe6b0 0000000000000011
0x00000056a8ffe6b0:   0000182df4b06f64 0000182df5b70fd0
0x00000056a8ffe6c0:   00000000ea8000d8 00007ffa6cb1e4f7
0x00000056a8ffe6d0:   00000056a8ffe728 00000056a8ffe720
0x00000056a8ffe6e0:   000002023b90fd00 00007ffa6cb0d473
0x00000056a8ffe6f0:   0000005600000000 00000056a84fc4d0
0x00000056a8ffe700:   0000182df5b70fd0 0000000000000011
0x00000056a8ffe710:   0000005600000000 00000056a8ffe780
0x00000056a8ffe720:   0000164157d81434 0000000000000011
0x00000056a8ffe730:   000002023d096590 00007ffa6cb0385c
0x00000056a8ffe740:   0061006800430065 0000020200000003 

Instructions: (pc=0x00007ffa6cb0362e)
0x00007ffa6cb0352e:   8b 00 48 89 44 24 38 48 8b 44 24 38 48 89 44 24
0x00007ffa6cb0353e:   58 48 8b 84 24 b0 00 00 00 48 83 c0 08 48 89 44
0x00007ffa6cb0354e:   24 40 48 8d 54 24 70 48 8b 4c 24 40 e8 84 1a fe
0x00007ffa6cb0355e:   ff 48 8b 00 48 89 44 24 48 48 8b 44 24 48 48 89
0x00007ffa6cb0356e:   44 24 60 4c 8b 4c 24 50 4c 8b 44 24 58 48 8b 54
0x00007ffa6cb0357e:   24 60 48 8d 4c 24 78 e8 b2 48 fe ff 48 8d 4c 24
0x00007ffa6cb0358e:   78 e8 a8 20 fe ff 48 8b c8 ff 15 6b ba 16 00 89
0x00007ffa6cb0359e:   44 24 24 83 7c 24 24 ff 74 15 8b 44 24 24 83 e0
0x00007ffa6cb035ae:   10 85 c0 74 0a c7 44 24 28 01 00 00 00 eb 08 c7
0x00007ffa6cb035be:   44 24 28 00 00 00 00 0f b6 44 24 28 88 44 24 20
0x00007ffa6cb035ce:   48 8d 4c 24 78 e8 04 49 fe ff 0f b6 44 24 20 48
0x00007ffa6cb035de:   8b 8c 24 98 00 00 00 48 33 cc e8 35 fe fd ff 48
0x00007ffa6cb035ee:   81 c4 a8 00 00 00 c3 cc cc cc cc cc cc cc cc cc
0x00007ffa6cb035fe:   cc cc 48 89 4c 24 08 48 81 ec e8 00 00 00 48 8b
0x00007ffa6cb0360e:   05 a5 1a 15 00 48 33 c4 48 89 84 24 d0 00 00 00
0x00007ffa6cb0361e:   c7 44 24 30 00 00 00 00 48 8b 84 24 f0 00 00 00
0x00007ffa6cb0362e:   83 78 68 03 0f 84 02 01 00 00 48 8b 84 24 f0 00
0x00007ffa6cb0363e:   00 00 48 8b 48 28 ff 15 c6 b9 16 00 89 44 24 38
0x00007ffa6cb0364e:   83 7c 24 38 00 0f 85 d0 00 00 00 ba 07 00 00 00
0x00007ffa6cb0365e:   48 8b 0d e3 69 15 00 e8 cd d9 fd ff 88 44 24 34
0x00007ffa6cb0366e:   0f b6 44 24 34 85 c0 0f 84 90 00 00 00 ff 15 97
0x00007ffa6cb0367e:   b9 16 00 89 44 24 3c 48 8b 84 24 f0 00 00 00 48
0x00007ffa6cb0368e:   83 c0 08 48 8b d0 48 8d 8c 24 90 00 00 00 e8 cd
0x00007ffa6cb0369e:   5b fe ff 48 89 44 24 40 48 8b 44 24 40 48 89 44
0x00007ffa6cb036ae:   24 48 8b 44 24 30 83 c8 01 89 44 24 30 48 8b 4c
0x00007ffa6cb036be:   24 48 e8 4e 4d fe ff 48 89 44 24 50 48 8b 84 24
0x00007ffa6cb036ce:   f0 00 00 00 48 8b 40 28 48 89 44 24 58 8b 44 24
0x00007ffa6cb036de:   3c 89 44 24 28 48 8b 44 24 50 48 89 44 24 20 4c
0x00007ffa6cb036ee:   8b 4c 24 58 4c 8d 05 67 4f 11 00 ba 07 00 00 00
0x00007ffa6cb036fe:   48 8b 0d 43 69 15 00 e8 71 67 fe ff 90 8b 44 24
0x00007ffa6cb0370e:   30 83 e0 01 85 c0 74 13 83 64 24 30 fe 48 8d 8c
0x00007ffa6cb0371e:   24 90 00 00 00 e8 eb 1a fe ff 90 eb 00 48 8b 84 


Stack slot to memory mapping:
stack at sp + 0 slots: 0x0000182df5b70fd0 is an unknown value
stack at sp + 1 slots: 0x0000182df4b06f64 is an unknown value
stack at sp + 2 slots: 0x0000182df5b70fd0 is an unknown value
stack at sp + 3 slots: 0x00007ffa6cb1e965 native-platform-file-events.dll
stack at sp + 4 slots: 0x00000056a8ffe728 is pointing into the stack for thread: 0x000002023d4cd140
stack at sp + 5 slots: 0x00000056a8ffe6a8 is pointing into the stack for thread: 0x000002023d4cd140
stack at sp + 6 slots: 0x0000005600000000 is an unknown value
stack at sp + 7 slots: 0x00000056a8ffe6b8 is pointing into the stack for thread: 0x000002023d4cd140


---------------  P R O C E S S  ---------------

Threads class SMR info:
_java_thread_list=0x0000020240a1d0a0, length=35, elements={
0x000002021f5caf50, 0x000002023ab62fb0, 0x000002023ab636d0, 0x000002023ab77320,
0x000002023ab79850, 0x000002023ab79d70, 0x000002023ab7fa50, 0x000002023ab80350,
0x000002023ab82ad0, 0x000002023ab86310, 0x000002023b5fc7e0, 0x000002023b621740,
0x000002023d53bdb0, 0x000002023cc71eb0, 0x000002023d755790, 0x000002023d4cd690,
0x000002023d4d3630, 0x000002023d4ce130, 0x000002023d4cd140, 0x000002023d4d1100,
0x000002023d4cebd0, 0x000002023d4ce680, 0x000002023d4ccbf0, 0x000002023d4d2640,
0x000002023d4cf120, 0x000002023d4cf670, 0x000002023d4d20f0, 0x000002023d4d0110,
0x000002023c206b40, 0x000002023d4d1ba0, 0x0000020241419fb0, 0x000002024141b4f0,
0x000002023c2050b0, 0x000002023c2060a0, 0x000002023c209070
}

Java Threads: ( => current thread )
  0x000002021f5caf50 JavaThread "main" [_thread_blocked, id=12488, stack(0x00000056a6700000,0x00000056a6800000)]
  0x000002023ab62fb0 JavaThread "Reference Handler" daemon [_thread_blocked, id=12132, stack(0x00000056a6e00000,0x00000056a6f00000)]
  0x000002023ab636d0 JavaThread "Finalizer" daemon [_thread_blocked, id=1208, stack(0x00000056a6f00000,0x00000056a7000000)]
  0x000002023ab77320 JavaThread "Signal Dispatcher" daemon [_thread_blocked, id=6700, stack(0x00000056a7000000,0x00000056a7100000)]
  0x000002023ab79850 JavaThread "Attach Listener" daemon [_thread_blocked, id=11620, stack(0x00000056a7100000,0x00000056a7200000)]
  0x000002023ab79d70 JavaThread "Service Thread" daemon [_thread_blocked, id=8668, stack(0x00000056a7200000,0x00000056a7300000)]
  0x000002023ab7fa50 JavaThread "Monitor Deflation Thread" daemon [_thread_blocked, id=6688, stack(0x00000056a7300000,0x00000056a7400000)]
  0x000002023ab80350 JavaThread "C2 CompilerThread0" daemon [_thread_blocked, id=4116, stack(0x00000056a7400000,0x00000056a7500000)]
  0x000002023ab82ad0 JavaThread "C1 CompilerThread0" daemon [_thread_blocked, id=6480, stack(0x00000056a7500000,0x00000056a7600000)]
  0x000002023ab86310 JavaThread "Sweeper thread" daemon [_thread_blocked, id=2440, stack(0x00000056a7600000,0x00000056a7700000)]
  0x000002023b5fc7e0 JavaThread "Common-Cleaner" daemon [_thread_blocked, id=6560, stack(0x00000056a7700000,0x00000056a7800000)]
  0x000002023b621740 JavaThread "Notification Thread" daemon [_thread_blocked, id=7548, stack(0x00000056a7800000,0x00000056a7900000)]
  0x000002023d53bdb0 JavaThread "Daemon health stats" [_thread_blocked, id=12908, stack(0x00000056a8100000,0x00000056a8200000)]
  0x000002023cc71eb0 JavaThread "Incoming local TCP Connector on port 62550" [_thread_in_native, id=3316, stack(0x00000056a8200000,0x00000056a8300000)]
  0x000002023d755790 JavaThread "Daemon periodic checks" [_thread_blocked, id=6388, stack(0x00000056a8300000,0x00000056a8400000)]
  0x000002023d4cd690 JavaThread "Cache worker for file hash cache (C:\Users\80010-02-10\.gradle\caches\7.0\fileHashes)" [_thread_blocked, id=2976, stack(0x00000056a8b00000,0x00000056a8c00000)]
  0x000002023d4d3630 JavaThread "File lock request listener" [_thread_in_native, id=8640, stack(0x00000056a8c00000,0x00000056a8d00000)]
  0x000002023d4ce130 JavaThread "Cache worker for journal cache (C:\Users\80010-02-10\.gradle\caches\journal-1)" [_thread_blocked, id=10208, stack(0x00000056a8d00000,0x00000056a8e00000)]
=>0x000002023d4cd140 JavaThread "File watcher server" daemon [_thread_in_native, id=3212, stack(0x00000056a8f00000,0x00000056a9000000)]
  0x000002023d4d1100 JavaThread "File watcher consumer" daemon [_thread_blocked, id=7620, stack(0x00000056a9000000,0x00000056a9100000)]
  0x000002023d4cebd0 JavaThread "jar transforms" [_thread_blocked, id=1308, stack(0x00000056a9100000,0x00000056a9200000)]
  0x000002023d4ce680 JavaThread "jar transforms Thread 2" [_thread_blocked, id=7956, stack(0x00000056a9200000,0x00000056a9300000)]
  0x000002023d4ccbf0 JavaThread "jar transforms Thread 3" [_thread_blocked, id=6452, stack(0x00000056a9300000,0x00000056a9400000)]
  0x000002023d4d2640 JavaThread "jar transforms Thread 4" [_thread_blocked, id=1556, stack(0x00000056a9400000,0x00000056a9500000)]
  0x000002023d4cf120 JavaThread "jar transforms Thread 5" [_thread_blocked, id=4924, stack(0x00000056a7a00000,0x00000056a7b00000)]
  0x000002023d4cf670 JavaThread "jar transforms Thread 6" [_thread_blocked, id=7912, stack(0x00000056a9500000,0x00000056a9600000)]
  0x000002023d4d20f0 JavaThread "Cache worker for execution history cache (C:\Users\80010-02-10\.gradle\caches\7.0\executionHistory)" [_thread_blocked, id=6432, stack(0x00000056a9b00000,0x00000056a9c00000)]
  0x000002023d4d0110 JavaThread "Cache worker for file content cache (C:\Users\80010-02-10\.gradle\caches\7.0\fileContent)" [_thread_blocked, id=12504, stack(0x00000056a9c00000,0x00000056a9d00000)]
  0x000002023c206b40 JavaThread "Memory manager" [_thread_blocked, id=3220, stack(0x00000056aa600000,0x00000056aa700000)]
  0x000002023d4d1ba0 JavaThread "Cache worker for Java compile cache (C:\Users\80010-02-10\.gradle\caches\7.0\javaCompile)" [_thread_blocked, id=7304, stack(0x00000056aa900000,0x00000056aaa00000)]
  0x0000020241419fb0 JavaThread "Daemon Thread 7" [_thread_blocked, id=14848, stack(0x00000056a6400000,0x00000056a6500000)]
  0x000002024141b4f0 JavaThread "Daemon worker Thread 7" [_thread_blocked, id=1084, stack(0x00000056a8400000,0x00000056a8500000)]
  0x000002023c2050b0 JavaThread "Exec process Thread 7" [_thread_blocked, id=9048, stack(0x00000056a9600000,0x00000056a9700000)]
  0x000002023c2060a0 JavaThread "Exec process Thread 8" [_thread_blocked, id=11752, stack(0x00000056aac00000,0x00000056aad00000)]
  0x000002023c209070 JavaThread "Exec process Thread 9" [_thread_blocked, id=11992, stack(0x00000056aad00000,0x00000056aae00000)]

Other Threads:
  0x000002023ab569e0 VMThread "VM Thread" [stack: 0x00000056a6d00000,0x00000056a6e00000] [id=12324]
  0x000002023b621c60 WatcherThread [stack: 0x00000056a7900000,0x00000056a7a00000] [id=11824]
  0x000002021f5f63f0 GCTaskThread "GC Thread#0" [stack: 0x00000056a6800000,0x00000056a6900000] [id=9860]
  0x000002023b92e870 GCTaskThread "GC Thread#1" [stack: 0x00000056a7b00000,0x00000056a7c00000] [id=6776]
  0x000002023b92eb80 GCTaskThread "GC Thread#2" [stack: 0x00000056a7c00000,0x00000056a7d00000] [id=12940]
  0x000002023b9d59d0 GCTaskThread "GC Thread#3" [stack: 0x00000056a7d00000,0x00000056a7e00000] [id=8204]
  0x000002023b9d5ce0 GCTaskThread "GC Thread#4" [stack: 0x00000056a7e00000,0x00000056a7f00000] [id=5716]
  0x000002023b9d5ff0 GCTaskThread "GC Thread#5" [stack: 0x00000056a7f00000,0x00000056a8000000] [id=5100]
  0x000002021f5fb2e0 ConcurrentGCThread "G1 Main Marker" [stack: 0x00000056a6900000,0x00000056a6a00000] [id=8024]
  0x000002021f5fcb10 ConcurrentGCThread "G1 Conc#0" [stack: 0x00000056a6a00000,0x00000056a6b00000] [id=11972]
  0x000002023d72c4f0 ConcurrentGCThread "G1 Conc#1" [stack: 0x00000056a9900000,0x00000056a9a00000] [id=7644]
  0x000002021f6ada20 ConcurrentGCThread "G1 Refine#0" [stack: 0x00000056a6b00000,0x00000056a6c00000] [id=10352]
  0x000002023bf51ac0 ConcurrentGCThread "G1 Refine#1" [stack: 0x00000056a8000000,0x00000056a8100000] [id=11324]
  0x0000020240e01e70 ConcurrentGCThread "G1 Refine#2" [stack: 0x00000056a9d00000,0x00000056a9e00000] [id=8088]
  0x000002023d6c60a0 ConcurrentGCThread "G1 Refine#3" [stack: 0x00000056ab000000,0x00000056ab100000] [id=8432]
  0x000002023d6c63e0 ConcurrentGCThread "G1 Refine#4" [stack: 0x00000056ab100000,0x00000056ab200000] [id=512]
  0x0000020241462a30 ConcurrentGCThread "G1 Refine#5" [stack: 0x00000056aae00000,0x00000056aaf00000] [id=12664]
  0x000002021f6ade60 ConcurrentGCThread "G1 Service" [stack: 0x00000056a6c00000,0x00000056a6d00000] [id=11284]

Threads with active compile tasks:

VM state: not at safepoint (normal execution)

VM Mutex/Monitor currently owned by a thread: None

Heap address: 0x00000000e0000000, size: 512 MB, Compressed Oops mode: 32-bit

CDS archive(s) mapped at: [0x0000000800000000-0x0000000800bf0000-0x0000000800bf0000), size 12517376, SharedBaseAddress: 0x0000000800000000, ArchiveRelocationMode: 0.
Compressed class space mapped at: 0x0000000800c00000-0x000000080dc00000, reserved size: 218103808
Narrow klass base: 0x0000000800000000, Narrow klass shift: 3, Narrow klass range: 0x100000000

GC Precious Log:
 CPUs: 6 total, 6 available
 Memory: 16219M
 Large Page Support: Disabled
 NUMA Support: Disabled
 Compressed Oops: Enabled (32-bit)
 Heap Region Size: 1M
 Heap Min Capacity: 256M
 Heap Initial Capacity: 256M
 Heap Max Capacity: 512M
 Pre-touch: Disabled
 Parallel Workers: 6
 Concurrent Workers: 2
 Concurrent Refinement Workers: 6
 Periodic GC: Disabled

Heap:
 garbage-first heap   total 262144K, used 155085K [0x00000000e0000000, 0x0000000100000000)
  region size 1024K, 77 young (78848K), 4 survivors (4096K)
 Metaspace       used 75276K, committed 76864K, reserved 286720K
  class space    used 9364K, committed 10432K, reserved 212992K

Heap Regions: E=young(eden), S=young(survivor), O=old, HS=humongous(starts), HC=humongous(continues), CS=collection set, F=free, OA=open archive, CA=closed archive, TAMS=top-at-mark-start (previous, next)
|   0|0x00000000e0000000, 0x00000000e0100000, 0x00000000e0100000|100%| O|  |TAMS 0x00000000e0100000, 0x00000000e0000000| Untracked 
|   1|0x00000000e0100000, 0x00000000e0200000, 0x00000000e0200000|100%| O|  |TAMS 0x00000000e0200000, 0x00000000e0100000| Untracked 
|   2|0x00000000e0200000, 0x00000000e0300000, 0x00000000e0300000|100%| O|  |TAMS 0x00000000e0200000, 0x00000000e0200000| Untracked 
|   3|0x00000000e0300000, 0x00000000e0400000, 0x00000000e0400000|100%|HS|  |TAMS 0x00000000e0400000, 0x00000000e0300000| Complete 
|   4|0x00000000e0400000, 0x00000000e0500000, 0x00000000e0500000|100%|HC|  |TAMS 0x00000000e0500000, 0x00000000e0400000| Complete 
|   5|0x00000000e0500000, 0x00000000e0600000, 0x00000000e0600000|100%|HC|  |TAMS 0x00000000e0600000, 0x00000000e0500000| Complete 
|   6|0x00000000e0600000, 0x00000000e0700000, 0x00000000e0700000|100%| O|  |TAMS 0x00000000e0700000, 0x00000000e0600000| Untracked 
|   7|0x00000000e0700000, 0x00000000e0800000, 0x00000000e0800000|100%| O|  |TAMS 0x00000000e0800000, 0x00000000e0700000| Untracked 
|   8|0x00000000e0800000, 0x00000000e0900000, 0x00000000e0900000|100%| O|  |TAMS 0x00000000e0900000, 0x00000000e0800000| Untracked 
|   9|0x00000000e0900000, 0x00000000e0a00000, 0x00000000e0a00000|100%| O|  |TAMS 0x00000000e0a00000, 0x00000000e0900000| Untracked 
|  10|0x00000000e0a00000, 0x00000000e0b00000, 0x00000000e0b00000|100%| O|  |TAMS 0x00000000e0a00000, 0x00000000e0a00000| Untracked 
|  11|0x00000000e0b00000, 0x00000000e0c00000, 0x00000000e0c00000|100%| O|  |TAMS 0x00000000e0b00000, 0x00000000e0b00000| Untracked 
|  12|0x00000000e0c00000, 0x00000000e0d00000, 0x00000000e0d00000|100%| O|  |TAMS 0x00000000e0c00000, 0x00000000e0c00000| Untracked 
|  13|0x00000000e0d00000, 0x00000000e0e00000, 0x00000000e0e00000|100%| O|  |TAMS 0x00000000e0d00000, 0x00000000e0d00000| Untracked 
|  14|0x00000000e0e00000, 0x00000000e0f00000, 0x00000000e0f00000|100%| O|  |TAMS 0x00000000e0e00000, 0x00000000e0e00000| Untracked 
|  15|0x00000000e0f00000, 0x00000000e1000000, 0x00000000e1000000|100%| O|  |TAMS 0x00000000e0f00000, 0x00000000e0f00000| Untracked 
|  16|0x00000000e1000000, 0x00000000e1100000, 0x00000000e1100000|100%| O|  |TAMS 0x00000000e1000000, 0x00000000e1000000| Untracked 
|  17|0x00000000e1100000, 0x00000000e1200000, 0x00000000e1200000|100%| O|  |TAMS 0x00000000e1100000, 0x00000000e1100000| Untracked 
|  18|0x00000000e1200000, 0x00000000e1300000, 0x00000000e1300000|100%| O|  |TAMS 0x00000000e1200000, 0x00000000e1200000| Untracked 
|  19|0x00000000e1300000, 0x00000000e1400000, 0x00000000e1400000|100%| O|  |TAMS 0x00000000e1300000, 0x00000000e1300000| Untracked 
|  20|0x00000000e1400000, 0x00000000e1500000, 0x00000000e1500000|100%| O|  |TAMS 0x00000000e1400000, 0x00000000e1400000| Untracked 
|  21|0x00000000e1500000, 0x00000000e1600000, 0x00000000e1600000|100%| O|  |TAMS 0x00000000e1500000, 0x00000000e1500000| Untracked 
|  22|0x00000000e1600000, 0x00000000e1700000, 0x00000000e1700000|100%| O|  |TAMS 0x00000000e1600000, 0x00000000e1600000| Untracked 
|  23|0x00000000e1700000, 0x00000000e1800000, 0x00000000e1800000|100%| O|  |TAMS 0x00000000e1700000, 0x00000000e1700000| Untracked 
|  24|0x00000000e1800000, 0x00000000e1900000, 0x00000000e1900000|100%| O|  |TAMS 0x00000000e1800000, 0x00000000e1800000| Untracked 
|  25|0x00000000e1900000, 0x00000000e1a00000, 0x00000000e1a00000|100%| O|  |TAMS 0x00000000e1900000, 0x00000000e1900000| Untracked 
|  26|0x00000000e1a00000, 0x00000000e1b00000, 0x00000000e1b00000|100%| O|  |TAMS 0x00000000e1b00000, 0x00000000e1a00000| Untracked 
|  27|0x00000000e1b00000, 0x00000000e1c00000, 0x00000000e1c00000|100%| O|  |TAMS 0x00000000e1c00000, 0x00000000e1b00000| Untracked 
|  28|0x00000000e1c00000, 0x00000000e1d00000, 0x00000000e1d00000|100%| O|  |TAMS 0x00000000e1d00000, 0x00000000e1c00000| Untracked 
|  29|0x00000000e1d00000, 0x00000000e1e00000, 0x00000000e1e00000|100%| O|  |TAMS 0x00000000e1e00000, 0x00000000e1d00000| Untracked 
|  30|0x00000000e1e00000, 0x00000000e1f00000, 0x00000000e1f00000|100%|HS|  |TAMS 0x00000000e1f00000, 0x00000000e1e00000| Complete 
|  31|0x00000000e1f00000, 0x00000000e2000000, 0x00000000e2000000|100%|HC|  |TAMS 0x00000000e2000000, 0x00000000e1f00000| Complete 
|  32|0x00000000e2000000, 0x00000000e2100000, 0x00000000e2100000|100%|HC|  |TAMS 0x00000000e2100000, 0x00000000e2000000| Complete 
|  33|0x00000000e2100000, 0x00000000e2200000, 0x00000000e2200000|100%|HC|  |TAMS 0x00000000e2200000, 0x00000000e2100000| Complete 
|  34|0x00000000e2200000, 0x00000000e2300000, 0x00000000e2300000|100%| O|  |TAMS 0x00000000e2300000, 0x00000000e2200000| Untracked 
|  35|0x00000000e2300000, 0x00000000e2400000, 0x00000000e2400000|100%| O|  |TAMS 0x00000000e2400000, 0x00000000e2300000| Untracked 
|  36|0x00000000e2400000, 0x00000000e2500000, 0x00000000e2500000|100%| O|  |TAMS 0x00000000e2400000, 0x00000000e2400000| Untracked 
|  37|0x00000000e2500000, 0x00000000e2600000, 0x00000000e2600000|100%| O|  |TAMS 0x00000000e2500000, 0x00000000e2500000| Untracked 
|  38|0x00000000e2600000, 0x00000000e2700000, 0x00000000e2700000|100%| O|  |TAMS 0x00000000e2600000, 0x00000000e2600000| Untracked 
|  39|0x00000000e2700000, 0x00000000e2800000, 0x00000000e2800000|100%| O|  |TAMS 0x00000000e2800000, 0x00000000e2700000| Untracked 
|  40|0x00000000e2800000, 0x00000000e2900000, 0x00000000e2900000|100%| O|  |TAMS 0x00000000e2900000, 0x00000000e2800000| Untracked 
|  41|0x00000000e2900000, 0x00000000e2a00000, 0x00000000e2a00000|100%| O|  |TAMS 0x00000000e2a00000, 0x00000000e2900000| Untracked 
|  42|0x00000000e2a00000, 0x00000000e2b00000, 0x00000000e2b00000|100%| O|  |TAMS 0x00000000e2b00000, 0x00000000e2a00000| Untracked 
|  43|0x00000000e2b00000, 0x00000000e2c00000, 0x00000000e2c00000|100%| O|  |TAMS 0x00000000e2c00000, 0x00000000e2b00000| Untracked 
|  44|0x00000000e2c00000, 0x00000000e2d00000, 0x00000000e2d00000|100%| O|  |TAMS 0x00000000e2d00000, 0x00000000e2c00000| Untracked 
|  45|0x00000000e2d00000, 0x00000000e2e00000, 0x00000000e2e00000|100%| O|  |TAMS 0x00000000e2e00000, 0x00000000e2d00000| Untracked 
|  46|0x00000000e2e00000, 0x00000000e2f00000, 0x00000000e2f00000|100%| O|  |TAMS 0x00000000e2f00000, 0x00000000e2e00000| Untracked 
|  47|0x00000000e2f00000, 0x00000000e3000000, 0x00000000e3000000|100%| O|  |TAMS 0x00000000e3000000, 0x00000000e2f00000| Untracked 
|  48|0x00000000e3000000, 0x00000000e3100000, 0x00000000e3100000|100%| O|  |TAMS 0x00000000e3100000, 0x00000000e3000000| Untracked 
|  49|0x00000000e3100000, 0x00000000e3200000, 0x00000000e3200000|100%| O|  |TAMS 0x00000000e3200000, 0x00000000e3100000| Untracked 
|  50|0x00000000e3200000, 0x00000000e32f5400, 0x00000000e3300000| 95%| O|  |TAMS 0x00000000e3200000, 0x00000000e3200000| Untracked 
|  51|0x00000000e3300000, 0x00000000e3300000, 0x00000000e3400000|  0%| F|  |TAMS 0x00000000e3300000, 0x00000000e3300000| Untracked 
|  52|0x00000000e3400000, 0x00000000e3500000, 0x00000000e3500000|100%| O|  |TAMS 0x00000000e3500000, 0x00000000e3400000| Untracked 
|  53|0x00000000e3500000, 0x00000000e3600000, 0x00000000e3600000|100%| O|  |TAMS 0x00000000e3600000, 0x00000000e3500000| Untracked 
|  54|0x00000000e3600000, 0x00000000e3600000, 0x00000000e3700000|  0%| F|  |TAMS 0x00000000e3600000, 0x00000000e3600000| Untracked 
|  55|0x00000000e3700000, 0x00000000e3700000, 0x00000000e3800000|  0%| F|  |TAMS 0x00000000e3700000, 0x00000000e3700000| Untracked 
|  56|0x00000000e3800000, 0x00000000e3800000, 0x00000000e3900000|  0%| F|  |TAMS 0x00000000e3800000, 0x00000000e3800000| Untracked 
|  57|0x00000000e3900000, 0x00000000e3900000, 0x00000000e3a00000|  0%| F|  |TAMS 0x00000000e3900000, 0x00000000e3900000| Untracked 
|  58|0x00000000e3a00000, 0x00000000e3a00000, 0x00000000e3b00000|  0%| F|  |TAMS 0x00000000e3a00000, 0x00000000e3a00000| Untracked 
|  59|0x00000000e3b00000, 0x00000000e3b00000, 0x00000000e3c00000|  0%| F|  |TAMS 0x00000000e3b00000, 0x00000000e3b00000| Untracked 
|  60|0x00000000e3c00000, 0x00000000e3c00000, 0x00000000e3d00000|  0%| F|  |TAMS 0x00000000e3c00000, 0x00000000e3c00000| Untracked 
|  61|0x00000000e3d00000, 0x00000000e3d00000, 0x00000000e3e00000|  0%| F|  |TAMS 0x00000000e3d00000, 0x00000000e3d00000| Untracked 
|  62|0x00000000e3e00000, 0x00000000e3f00000, 0x00000000e3f00000|100%| O|  |TAMS 0x00000000e3f00000, 0x00000000e3e00000| Untracked 
|  63|0x00000000e3f00000, 0x00000000e3f00000, 0x00000000e4000000|  0%| F|  |TAMS 0x00000000e3f00000, 0x00000000e3f00000| Untracked 
|  64|0x00000000e4000000, 0x00000000e4000000, 0x00000000e4100000|  0%| F|  |TAMS 0x00000000e4000000, 0x00000000e4000000| Untracked 
|  65|0x00000000e4100000, 0x00000000e4100000, 0x00000000e4200000|  0%| F|  |TAMS 0x00000000e4100000, 0x00000000e4100000| Untracked 
|  66|0x00000000e4200000, 0x00000000e4200000, 0x00000000e4300000|  0%| F|  |TAMS 0x00000000e4200000, 0x00000000e4200000| Untracked 
|  67|0x00000000e4300000, 0x00000000e4300000, 0x00000000e4400000|  0%| F|  |TAMS 0x00000000e4300000, 0x00000000e4300000| Untracked 
|  68|0x00000000e4400000, 0x00000000e4400000, 0x00000000e4500000|  0%| F|  |TAMS 0x00000000e4400000, 0x00000000e4400000| Untracked 
|  69|0x00000000e4500000, 0x00000000e4500000, 0x00000000e4600000|  0%| F|  |TAMS 0x00000000e4500000, 0x00000000e4500000| Untracked 
|  70|0x00000000e4600000, 0x00000000e4700000, 0x00000000e4700000|100%| O|  |TAMS 0x00000000e4700000, 0x00000000e4600000| Untracked 
|  71|0x00000000e4700000, 0x00000000e4700000, 0x00000000e4800000|  0%| F|  |TAMS 0x00000000e4700000, 0x00000000e4700000| Untracked 
|  72|0x00000000e4800000, 0x00000000e4800000, 0x00000000e4900000|  0%| F|  |TAMS 0x00000000e4800000, 0x00000000e4800000| Untracked 
|  73|0x00000000e4900000, 0x00000000e4900000, 0x00000000e4a00000|  0%| F|  |TAMS 0x00000000e4900000, 0x00000000e4900000| Untracked 
|  74|0x00000000e4a00000, 0x00000000e4a00000, 0x00000000e4b00000|  0%| F|  |TAMS 0x00000000e4a00000, 0x00000000e4a00000| Untracked 
|  75|0x00000000e4b00000, 0x00000000e4b00000, 0x00000000e4c00000|  0%| F|  |TAMS 0x00000000e4b00000, 0x00000000e4b00000| Untracked 
|  76|0x00000000e4c00000, 0x00000000e4c00000, 0x00000000e4d00000|  0%| F|  |TAMS 0x00000000e4c00000, 0x00000000e4c00000| Untracked 
|  77|0x00000000e4d00000, 0x00000000e4d00000, 0x00000000e4e00000|  0%| F|  |TAMS 0x00000000e4d00000, 0x00000000e4d00000| Untracked 
|  78|0x00000000e4e00000, 0x00000000e4e00000, 0x00000000e4f00000|  0%| F|  |TAMS 0x00000000e4e00000, 0x00000000e4e00000| Untracked 
|  79|0x00000000e4f00000, 0x00000000e4f00000, 0x00000000e5000000|  0%| F|  |TAMS 0x00000000e4f00000, 0x00000000e4f00000| Untracked 
|  80|0x00000000e5000000, 0x00000000e5000000, 0x00000000e5100000|  0%| F|  |TAMS 0x00000000e5000000, 0x00000000e5000000| Untracked 
|  81|0x00000000e5100000, 0x00000000e5100000, 0x00000000e5200000|  0%| F|  |TAMS 0x00000000e5100000, 0x00000000e5100000| Untracked 
|  82|0x00000000e5200000, 0x00000000e5200000, 0x00000000e5300000|  0%| F|  |TAMS 0x00000000e5200000, 0x00000000e5200000| Untracked 
|  83|0x00000000e5300000, 0x00000000e5300000, 0x00000000e5400000|  0%| F|  |TAMS 0x00000000e5300000, 0x00000000e5300000| Untracked 
|  84|0x00000000e5400000, 0x00000000e5400000, 0x00000000e5500000|  0%| F|  |TAMS 0x00000000e5400000, 0x00000000e5400000| Untracked 
|  85|0x00000000e5500000, 0x00000000e5500000, 0x00000000e5600000|  0%| F|  |TAMS 0x00000000e5500000, 0x00000000e5500000| Untracked 
|  86|0x00000000e5600000, 0x00000000e5600000, 0x00000000e5700000|  0%| F|  |TAMS 0x00000000e5600000, 0x00000000e5600000| Untracked 
|  87|0x00000000e5700000, 0x00000000e5700000, 0x00000000e5800000|  0%| F|  |TAMS 0x00000000e5700000, 0x00000000e5700000| Untracked 
|  88|0x00000000e5800000, 0x00000000e5800000, 0x00000000e5900000|  0%| F|  |TAMS 0x00000000e5800000, 0x00000000e5800000| Untracked 
|  89|0x00000000e5900000, 0x00000000e5900000, 0x00000000e5a00000|  0%| F|  |TAMS 0x00000000e5900000, 0x00000000e5900000| Untracked 
|  90|0x00000000e5a00000, 0x00000000e5a00000, 0x00000000e5b00000|  0%| F|  |TAMS 0x00000000e5a00000, 0x00000000e5a00000| Untracked 
|  91|0x00000000e5b00000, 0x00000000e5b00000, 0x00000000e5c00000|  0%| F|  |TAMS 0x00000000e5b00000, 0x00000000e5b00000| Untracked 
|  92|0x00000000e5c00000, 0x00000000e5d00000, 0x00000000e5d00000|100%| O|  |TAMS 0x00000000e5d00000, 0x00000000e5c00000| Untracked 
|  93|0x00000000e5d00000, 0x00000000e5e00000, 0x00000000e5e00000|100%| O|  |TAMS 0x00000000e5e00000, 0x00000000e5d00000| Untracked 
|  94|0x00000000e5e00000, 0x00000000e5f00000, 0x00000000e5f00000|100%| O|  |TAMS 0x00000000e5f00000, 0x00000000e5e00000| Untracked 
|  95|0x00000000e5f00000, 0x00000000e5f00000, 0x00000000e6000000|  0%| F|  |TAMS 0x00000000e5f00000, 0x00000000e5f00000| Untracked 
|  96|0x00000000e6000000, 0x00000000e6100000, 0x00000000e6100000|100%| O|  |TAMS 0x00000000e6100000, 0x00000000e6000000| Untracked 
|  97|0x00000000e6100000, 0x00000000e6200000, 0x00000000e6200000|100%| O|  |TAMS 0x00000000e6200000, 0x00000000e6100000| Untracked 
|  98|0x00000000e6200000, 0x00000000e6200000, 0x00000000e6300000|  0%| F|  |TAMS 0x00000000e6200000, 0x00000000e6200000| Untracked 
|  99|0x00000000e6300000, 0x00000000e6400000, 0x00000000e6400000|100%| O|  |TAMS 0x00000000e6400000, 0x00000000e6300000| Untracked 
| 100|0x00000000e6400000, 0x00000000e6500000, 0x00000000e6500000|100%| O|  |TAMS 0x00000000e6500000, 0x00000000e6400000| Untracked 
| 101|0x00000000e6500000, 0x00000000e6600000, 0x00000000e6600000|100%| O|  |TAMS 0x00000000e6600000, 0x00000000e6500000| Untracked 
| 102|0x00000000e6600000, 0x00000000e6700000, 0x00000000e6700000|100%| O|  |TAMS 0x00000000e6700000, 0x00000000e6600000| Untracked 
| 103|0x00000000e6700000, 0x00000000e6700000, 0x00000000e6800000|  0%| F|  |TAMS 0x00000000e6700000, 0x00000000e6700000| Untracked 
| 104|0x00000000e6800000, 0x00000000e6800000, 0x00000000e6900000|  0%| F|  |TAMS 0x00000000e6800000, 0x00000000e6800000| Untracked 
| 105|0x00000000e6900000, 0x00000000e6900000, 0x00000000e6a00000|  0%| F|  |TAMS 0x00000000e6900000, 0x00000000e6900000| Untracked 
| 106|0x00000000e6a00000, 0x00000000e6a00000, 0x00000000e6b00000|  0%| F|  |TAMS 0x00000000e6a00000, 0x00000000e6a00000| Untracked 
| 107|0x00000000e6b00000, 0x00000000e6b00000, 0x00000000e6c00000|  0%| F|  |TAMS 0x00000000e6b00000, 0x00000000e6b00000| Untracked 
| 108|0x00000000e6c00000, 0x00000000e6c00000, 0x00000000e6d00000|  0%| F|  |TAMS 0x00000000e6c00000, 0x00000000e6c00000| Untracked 
| 109|0x00000000e6d00000, 0x00000000e6e00000, 0x00000000e6e00000|100%| O|  |TAMS 0x00000000e6e00000, 0x00000000e6d00000| Untracked 
| 110|0x00000000e6e00000, 0x00000000e6f00000, 0x00000000e6f00000|100%| O|  |TAMS 0x00000000e6f00000, 0x00000000e6e00000| Untracked 
| 111|0x00000000e6f00000, 0x00000000e6f00000, 0x00000000e7000000|  0%| F|  |TAMS 0x00000000e6f00000, 0x00000000e6f00000| Untracked 
| 112|0x00000000e7000000, 0x00000000e7000000, 0x00000000e7100000|  0%| F|  |TAMS 0x00000000e7000000, 0x00000000e7000000| Untracked 
| 113|0x00000000e7100000, 0x00000000e7100000, 0x00000000e7200000|  0%| F|  |TAMS 0x00000000e7100000, 0x00000000e7100000| Untracked 
| 114|0x00000000e7200000, 0x00000000e7200000, 0x00000000e7300000|  0%| F|  |TAMS 0x00000000e7200000, 0x00000000e7200000| Untracked 
| 115|0x00000000e7300000, 0x00000000e7300000, 0x00000000e7400000|  0%| F|  |TAMS 0x00000000e7300000, 0x00000000e7300000| Untracked 
| 116|0x00000000e7400000, 0x00000000e7400000, 0x00000000e7500000|  0%| F|  |TAMS 0x00000000e7400000, 0x00000000e7400000| Untracked 
| 117|0x00000000e7500000, 0x00000000e7500000, 0x00000000e7600000|  0%| F|  |TAMS 0x00000000e7500000, 0x00000000e7500000| Untracked 
| 118|0x00000000e7600000, 0x00000000e7600000, 0x00000000e7700000|  0%| F|  |TAMS 0x00000000e7600000, 0x00000000e7600000| Untracked 
| 119|0x00000000e7700000, 0x00000000e7700000, 0x00000000e7800000|  0%| F|  |TAMS 0x00000000e7700000, 0x00000000e7700000| Untracked 
| 120|0x00000000e7800000, 0x00000000e7800000, 0x00000000e7900000|  0%| F|  |TAMS 0x00000000e7800000, 0x00000000e7800000| Untracked 
| 121|0x00000000e7900000, 0x00000000e797e2c8, 0x00000000e7a00000| 49%| S|CS|TAMS 0x00000000e7900000, 0x00000000e7900000| Complete 
| 122|0x00000000e7a00000, 0x00000000e7b00000, 0x00000000e7b00000|100%| S|CS|TAMS 0x00000000e7a00000, 0x00000000e7a00000| Complete 
| 123|0x00000000e7b00000, 0x00000000e7c00000, 0x00000000e7c00000|100%| S|CS|TAMS 0x00000000e7b00000, 0x00000000e7b00000| Complete 
| 124|0x00000000e7c00000, 0x00000000e7d00000, 0x00000000e7d00000|100%| S|CS|TAMS 0x00000000e7c00000, 0x00000000e7c00000| Complete 
| 125|0x00000000e7d00000, 0x00000000e7d00000, 0x00000000e7e00000|  0%| F|  |TAMS 0x00000000e7d00000, 0x00000000e7d00000| Untracked 
| 126|0x00000000e7e00000, 0x00000000e7e00000, 0x00000000e7f00000|  0%| F|  |TAMS 0x00000000e7e00000, 0x00000000e7e00000| Untracked 
| 127|0x00000000e7f00000, 0x00000000e7f00000, 0x00000000e8000000|  0%| F|  |TAMS 0x00000000e7f00000, 0x00000000e7f00000| Untracked 
| 128|0x00000000e8000000, 0x00000000e8000000, 0x00000000e8100000|  0%| F|  |TAMS 0x00000000e8000000, 0x00000000e8000000| Untracked 
| 129|0x00000000e8100000, 0x00000000e8100000, 0x00000000e8200000|  0%| F|  |TAMS 0x00000000e8100000, 0x00000000e8100000| Untracked 
| 130|0x00000000e8200000, 0x00000000e8300000, 0x00000000e8300000|100%| O|  |TAMS 0x00000000e8300000, 0x00000000e8200000| Untracked 
| 131|0x00000000e8300000, 0x00000000e8300000, 0x00000000e8400000|  0%| F|  |TAMS 0x00000000e8300000, 0x00000000e8300000| Untracked 
| 132|0x00000000e8400000, 0x00000000e8400000, 0x00000000e8500000|  0%| F|  |TAMS 0x00000000e8400000, 0x00000000e8400000| Untracked 
| 133|0x00000000e8500000, 0x00000000e8600000, 0x00000000e8600000|100%| O|  |TAMS 0x00000000e8600000, 0x00000000e8500000| Untracked 
| 134|0x00000000e8600000, 0x00000000e8700000, 0x00000000e8700000|100%| O|  |TAMS 0x00000000e8700000, 0x00000000e8600000| Untracked 
| 135|0x00000000e8700000, 0x00000000e8800000, 0x00000000e8800000|100%| O|  |TAMS 0x00000000e8800000, 0x00000000e8700000| Untracked 
| 136|0x00000000e8800000, 0x00000000e8900000, 0x00000000e8900000|100%| O|  |TAMS 0x00000000e8900000, 0x00000000e8800000| Untracked 
| 137|0x00000000e8900000, 0x00000000e8a00000, 0x00000000e8a00000|100%| O|  |TAMS 0x00000000e8a00000, 0x00000000e8900000| Untracked 
| 138|0x00000000e8a00000, 0x00000000e8b00000, 0x00000000e8b00000|100%| O|  |TAMS 0x00000000e8b00000, 0x00000000e8a00000| Untracked 
| 139|0x00000000e8b00000, 0x00000000e8c00000, 0x00000000e8c00000|100%| O|  |TAMS 0x00000000e8c00000, 0x00000000e8b00000| Untracked 
| 140|0x00000000e8c00000, 0x00000000e8d00000, 0x00000000e8d00000|100%| O|  |TAMS 0x00000000e8d00000, 0x00000000e8c00000| Untracked 
| 141|0x00000000e8d00000, 0x00000000e8e00000, 0x00000000e8e00000|100%| O|  |TAMS 0x00000000e8e00000, 0x00000000e8d00000| Untracked 
| 142|0x00000000e8e00000, 0x00000000e8e00000, 0x00000000e8f00000|  0%| F|  |TAMS 0x00000000e8e00000, 0x00000000e8e00000| Untracked 
| 143|0x00000000e8f00000, 0x00000000e9000000, 0x00000000e9000000|100%| O|  |TAMS 0x00000000e8f28800, 0x00000000e8f00000| Untracked 
| 144|0x00000000e9000000, 0x00000000e9000000, 0x00000000e9100000|  0%| F|  |TAMS 0x00000000e9000000, 0x00000000e9000000| Untracked 
| 145|0x00000000e9100000, 0x00000000e9100000, 0x00000000e9200000|  0%| F|  |TAMS 0x00000000e9100000, 0x00000000e9100000| Untracked 
| 146|0x00000000e9200000, 0x00000000e9200000, 0x00000000e9300000|  0%| F|  |TAMS 0x00000000e9200000, 0x00000000e9200000| Untracked 
| 147|0x00000000e9300000, 0x00000000e9300000, 0x00000000e9400000|  0%| F|  |TAMS 0x00000000e9300000, 0x00000000e9300000| Untracked 
| 148|0x00000000e9400000, 0x00000000e9400000, 0x00000000e9500000|  0%| F|  |TAMS 0x00000000e9400000, 0x00000000e9400000| Untracked 
| 149|0x00000000e9500000, 0x00000000e9500000, 0x00000000e9600000|  0%| F|  |TAMS 0x00000000e9500000, 0x00000000e9500000| Untracked 
| 150|0x00000000e9600000, 0x00000000e9600000, 0x00000000e9700000|  0%| F|  |TAMS 0x00000000e9600000, 0x00000000e9600000| Untracked 
| 151|0x00000000e9700000, 0x00000000e9700000, 0x00000000e9800000|  0%| F|  |TAMS 0x00000000e9700000, 0x00000000e9700000| Untracked 
| 152|0x00000000e9800000, 0x00000000e9800000, 0x00000000e9900000|  0%| F|  |TAMS 0x00000000e9800000, 0x00000000e9800000| Untracked 
| 153|0x00000000e9900000, 0x00000000e9900000, 0x00000000e9a00000|  0%| F|  |TAMS 0x00000000e9900000, 0x00000000e9900000| Untracked 
| 154|0x00000000e9a00000, 0x00000000e9a00000, 0x00000000e9b00000|  0%| F|  |TAMS 0x00000000e9a00000, 0x00000000e9a00000| Untracked 
| 155|0x00000000e9b00000, 0x00000000e9b00000, 0x00000000e9c00000|  0%| F|  |TAMS 0x00000000e9b00000, 0x00000000e9b00000| Untracked 
| 156|0x00000000e9c00000, 0x00000000e9c00000, 0x00000000e9d00000|  0%| F|  |TAMS 0x00000000e9c00000, 0x00000000e9c00000| Untracked 
| 157|0x00000000e9d00000, 0x00000000e9d00000, 0x00000000e9e00000|  0%| F|  |TAMS 0x00000000e9d00000, 0x00000000e9d00000| Untracked 
| 158|0x00000000e9e00000, 0x00000000e9e00000, 0x00000000e9f00000|  0%| F|  |TAMS 0x00000000e9e00000, 0x00000000e9e00000| Untracked 
| 159|0x00000000e9f00000, 0x00000000e9f00000, 0x00000000ea000000|  0%| F|  |TAMS 0x00000000e9f00000, 0x00000000e9f00000| Untracked 
| 160|0x00000000ea000000, 0x00000000ea000000, 0x00000000ea100000|  0%| F|  |TAMS 0x00000000ea000000, 0x00000000ea000000| Untracked 
| 161|0x00000000ea100000, 0x00000000ea100000, 0x00000000ea200000|  0%| F|  |TAMS 0x00000000ea100000, 0x00000000ea100000| Untracked 
| 162|0x00000000ea200000, 0x00000000ea200000, 0x00000000ea300000|  0%| F|  |TAMS 0x00000000ea200000, 0x00000000ea200000| Untracked 
| 163|0x00000000ea300000, 0x00000000ea300000, 0x00000000ea400000|  0%| F|  |TAMS 0x00000000ea300000, 0x00000000ea300000| Untracked 
| 164|0x00000000ea400000, 0x00000000ea400000, 0x00000000ea500000|  0%| F|  |TAMS 0x00000000ea400000, 0x00000000ea400000| Untracked 
| 165|0x00000000ea500000, 0x00000000ea500000, 0x00000000ea600000|  0%| F|  |TAMS 0x00000000ea500000, 0x00000000ea500000| Untracked 
| 166|0x00000000ea600000, 0x00000000ea600000, 0x00000000ea700000|  0%| F|  |TAMS 0x00000000ea600000, 0x00000000ea600000| Untracked 
| 167|0x00000000ea700000, 0x00000000ea700000, 0x00000000ea800000|  0%| F|  |TAMS 0x00000000ea700000, 0x00000000ea700000| Untracked 
| 168|0x00000000ea800000, 0x00000000ea800000, 0x00000000ea900000|  0%| F|  |TAMS 0x00000000ea800000, 0x00000000ea800000| Untracked 
| 169|0x00000000ea900000, 0x00000000ea900000, 0x00000000eaa00000|  0%| F|  |TAMS 0x00000000ea900000, 0x00000000ea900000| Untracked 
| 170|0x00000000eaa00000, 0x00000000eaa00000, 0x00000000eab00000|  0%| F|  |TAMS 0x00000000eaa00000, 0x00000000eaa00000| Untracked 
| 171|0x00000000eab00000, 0x00000000eab00000, 0x00000000eac00000|  0%| F|  |TAMS 0x00000000eab00000, 0x00000000eab00000| Untracked 
| 172|0x00000000eac00000, 0x00000000eac00000, 0x00000000ead00000|  0%| F|  |TAMS 0x00000000eac00000, 0x00000000eac00000| Untracked 
| 173|0x00000000ead00000, 0x00000000ead00000, 0x00000000eae00000|  0%| F|  |TAMS 0x00000000ead00000, 0x00000000ead00000| Untracked 
| 174|0x00000000eae00000, 0x00000000eae00000, 0x00000000eaf00000|  0%| F|  |TAMS 0x00000000eae00000, 0x00000000eae00000| Untracked 
| 175|0x00000000eaf00000, 0x00000000eaf00000, 0x00000000eb000000|  0%| F|  |TAMS 0x00000000eaf00000, 0x00000000eaf00000| Untracked 
| 176|0x00000000eb000000, 0x00000000eb000000, 0x00000000eb100000|  0%| F|  |TAMS 0x00000000eb000000, 0x00000000eb000000| Untracked 
| 177|0x00000000eb100000, 0x00000000eb100000, 0x00000000eb200000|  0%| F|  |TAMS 0x00000000eb100000, 0x00000000eb100000| Untracked 
| 178|0x00000000eb200000, 0x00000000eb200000, 0x00000000eb300000|  0%| F|  |TAMS 0x00000000eb200000, 0x00000000eb200000| Untracked 
| 179|0x00000000eb300000, 0x00000000eb300000, 0x00000000eb400000|  0%| F|  |TAMS 0x00000000eb300000, 0x00000000eb300000| Untracked 
| 180|0x00000000eb400000, 0x00000000eb400000, 0x00000000eb500000|  0%| F|  |TAMS 0x00000000eb400000, 0x00000000eb400000| Untracked 
| 181|0x00000000eb500000, 0x00000000eb500000, 0x00000000eb600000|  0%| F|  |TAMS 0x00000000eb500000, 0x00000000eb500000| Untracked 
| 182|0x00000000eb600000, 0x00000000eb600000, 0x00000000eb700000|  0%| F|  |TAMS 0x00000000eb600000, 0x00000000eb600000| Untracked 
| 183|0x00000000eb700000, 0x00000000eb7754a0, 0x00000000eb800000| 45%| E|  |TAMS 0x00000000eb700000, 0x00000000eb700000| Complete 
| 184|0x00000000eb800000, 0x00000000eb900000, 0x00000000eb900000|100%| E|CS|TAMS 0x00000000eb800000, 0x00000000eb800000| Complete 
| 185|0x00000000eb900000, 0x00000000eba00000, 0x00000000eba00000|100%| E|CS|TAMS 0x00000000eb900000, 0x00000000eb900000| Complete 
| 186|0x00000000eba00000, 0x00000000ebb00000, 0x00000000ebb00000|100%| E|CS|TAMS 0x00000000eba00000, 0x00000000eba00000| Complete 
| 187|0x00000000ebb00000, 0x00000000ebc00000, 0x00000000ebc00000|100%| E|CS|TAMS 0x00000000ebb00000, 0x00000000ebb00000| Complete 
| 188|0x00000000ebc00000, 0x00000000ebd00000, 0x00000000ebd00000|100%| E|CS|TAMS 0x00000000ebc00000, 0x00000000ebc00000| Complete 
| 189|0x00000000ebd00000, 0x00000000ebe00000, 0x00000000ebe00000|100%| E|  |TAMS 0x00000000ebd00000, 0x00000000ebd00000| Complete 
| 190|0x00000000ebe00000, 0x00000000ebf00000, 0x00000000ebf00000|100%| E|CS|TAMS 0x00000000ebe00000, 0x00000000ebe00000| Complete 
| 191|0x00000000ebf00000, 0x00000000ec000000, 0x00000000ec000000|100%| E|CS|TAMS 0x00000000ebf00000, 0x00000000ebf00000| Complete 
| 192|0x00000000ec000000, 0x00000000ec100000, 0x00000000ec100000|100%| E|CS|TAMS 0x00000000ec000000, 0x00000000ec000000| Complete 
| 193|0x00000000ec100000, 0x00000000ec200000, 0x00000000ec200000|100%| E|CS|TAMS 0x00000000ec100000, 0x00000000ec100000| Complete 
| 194|0x00000000ec200000, 0x00000000ec300000, 0x00000000ec300000|100%| E|CS|TAMS 0x00000000ec200000, 0x00000000ec200000| Complete 
| 195|0x00000000ec300000, 0x00000000ec400000, 0x00000000ec400000|100%| E|CS|TAMS 0x00000000ec300000, 0x00000000ec300000| Complete 
| 196|0x00000000ec400000, 0x00000000ec500000, 0x00000000ec500000|100%| E|CS|TAMS 0x00000000ec400000, 0x00000000ec400000| Complete 
| 197|0x00000000ec500000, 0x00000000ec600000, 0x00000000ec600000|100%| E|CS|TAMS 0x00000000ec500000, 0x00000000ec500000| Complete 
| 198|0x00000000ec600000, 0x00000000ec700000, 0x00000000ec700000|100%| E|CS|TAMS 0x00000000ec600000, 0x00000000ec600000| Complete 
| 199|0x00000000ec700000, 0x00000000ec800000, 0x00000000ec800000|100%| E|CS|TAMS 0x00000000ec700000, 0x00000000ec700000| Complete 
| 200|0x00000000ec800000, 0x00000000ec900000, 0x00000000ec900000|100%| E|CS|TAMS 0x00000000ec800000, 0x00000000ec800000| Complete 
| 201|0x00000000ec900000, 0x00000000eca00000, 0x00000000eca00000|100%| E|CS|TAMS 0x00000000ec900000, 0x00000000ec900000| Complete 
| 202|0x00000000eca00000, 0x00000000ecb00000, 0x00000000ecb00000|100%| E|CS|TAMS 0x00000000eca00000, 0x00000000eca00000| Complete 
| 203|0x00000000ecb00000, 0x00000000ecc00000, 0x00000000ecc00000|100%| E|CS|TAMS 0x00000000ecb00000, 0x00000000ecb00000| Complete 
| 204|0x00000000ecc00000, 0x00000000ecd00000, 0x00000000ecd00000|100%| E|CS|TAMS 0x00000000ecc00000, 0x00000000ecc00000| Complete 
| 205|0x00000000ecd00000, 0x00000000ece00000, 0x00000000ece00000|100%| E|CS|TAMS 0x00000000ecd00000, 0x00000000ecd00000| Complete 
| 206|0x00000000ece00000, 0x00000000ecf00000, 0x00000000ecf00000|100%| E|CS|TAMS 0x00000000ece00000, 0x00000000ece00000| Complete 
| 207|0x00000000ecf00000, 0x00000000ed000000, 0x00000000ed000000|100%| E|CS|TAMS 0x00000000ecf00000, 0x00000000ecf00000| Complete 
| 208|0x00000000ed000000, 0x00000000ed100000, 0x00000000ed100000|100%| E|CS|TAMS 0x00000000ed000000, 0x00000000ed000000| Complete 
| 209|0x00000000ed100000, 0x00000000ed200000, 0x00000000ed200000|100%| E|CS|TAMS 0x00000000ed100000, 0x00000000ed100000| Complete 
| 210|0x00000000ed200000, 0x00000000ed300000, 0x00000000ed300000|100%| E|CS|TAMS 0x00000000ed200000, 0x00000000ed200000| Complete 
| 211|0x00000000ed300000, 0x00000000ed400000, 0x00000000ed400000|100%| E|CS|TAMS 0x00000000ed300000, 0x00000000ed300000| Complete 
| 212|0x00000000ed400000, 0x00000000ed500000, 0x00000000ed500000|100%| E|CS|TAMS 0x00000000ed400000, 0x00000000ed400000| Complete 
| 213|0x00000000ed500000, 0x00000000ed600000, 0x00000000ed600000|100%| E|CS|TAMS 0x00000000ed500000, 0x00000000ed500000| Complete 
| 214|0x00000000ed600000, 0x00000000ed700000, 0x00000000ed700000|100%| E|CS|TAMS 0x00000000ed600000, 0x00000000ed600000| Complete 
| 215|0x00000000ed700000, 0x00000000ed800000, 0x00000000ed800000|100%| E|CS|TAMS 0x00000000ed700000, 0x00000000ed700000| Complete 
| 216|0x00000000ed800000, 0x00000000ed900000, 0x00000000ed900000|100%| E|CS|TAMS 0x00000000ed800000, 0x00000000ed800000| Complete 
| 217|0x00000000ed900000, 0x00000000eda00000, 0x00000000eda00000|100%| E|CS|TAMS 0x00000000ed900000, 0x00000000ed900000| Complete 
| 218|0x00000000eda00000, 0x00000000edb00000, 0x00000000edb00000|100%| E|CS|TAMS 0x00000000eda00000, 0x00000000eda00000| Complete 
| 219|0x00000000edb00000, 0x00000000edc00000, 0x00000000edc00000|100%| E|CS|TAMS 0x00000000edb00000, 0x00000000edb00000| Complete 
| 220|0x00000000edc00000, 0x00000000edd00000, 0x00000000edd00000|100%| E|CS|TAMS 0x00000000edc00000, 0x00000000edc00000| Complete 
| 221|0x00000000edd00000, 0x00000000ede00000, 0x00000000ede00000|100%| E|CS|TAMS 0x00000000edd00000, 0x00000000edd00000| Complete 
| 222|0x00000000ede00000, 0x00000000edf00000, 0x00000000edf00000|100%| E|CS|TAMS 0x00000000ede00000, 0x00000000ede00000| Complete 
| 223|0x00000000edf00000, 0x00000000ee000000, 0x00000000ee000000|100%| E|CS|TAMS 0x00000000edf00000, 0x00000000edf00000| Complete 
| 224|0x00000000ee000000, 0x00000000ee100000, 0x00000000ee100000|100%| E|CS|TAMS 0x00000000ee000000, 0x00000000ee000000| Complete 
| 225|0x00000000ee100000, 0x00000000ee200000, 0x00000000ee200000|100%| E|CS|TAMS 0x00000000ee100000, 0x00000000ee100000| Complete 
| 226|0x00000000ee200000, 0x00000000ee300000, 0x00000000ee300000|100%| E|CS|TAMS 0x00000000ee200000, 0x00000000ee200000| Complete 
| 227|0x00000000ee300000, 0x00000000ee400000, 0x00000000ee400000|100%| E|CS|TAMS 0x00000000ee300000, 0x00000000ee300000| Complete 
| 228|0x00000000ee400000, 0x00000000ee500000, 0x00000000ee500000|100%| E|CS|TAMS 0x00000000ee400000, 0x00000000ee400000| Complete 
| 229|0x00000000ee500000, 0x00000000ee600000, 0x00000000ee600000|100%| E|CS|TAMS 0x00000000ee500000, 0x00000000ee500000| Complete 
| 230|0x00000000ee600000, 0x00000000ee700000, 0x00000000ee700000|100%| E|CS|TAMS 0x00000000ee600000, 0x00000000ee600000| Complete 
| 231|0x00000000ee700000, 0x00000000ee800000, 0x00000000ee800000|100%| E|CS|TAMS 0x00000000ee700000, 0x00000000ee700000| Complete 
| 232|0x00000000ee800000, 0x00000000ee900000, 0x00000000ee900000|100%| E|CS|TAMS 0x00000000ee800000, 0x00000000ee800000| Complete 
| 233|0x00000000ee900000, 0x00000000eea00000, 0x00000000eea00000|100%| E|CS|TAMS 0x00000000ee900000, 0x00000000ee900000| Complete 
| 234|0x00000000eea00000, 0x00000000eeb00000, 0x00000000eeb00000|100%| E|CS|TAMS 0x00000000eea00000, 0x00000000eea00000| Complete 
| 235|0x00000000eeb00000, 0x00000000eec00000, 0x00000000eec00000|100%| E|CS|TAMS 0x00000000eeb00000, 0x00000000eeb00000| Complete 
| 236|0x00000000eec00000, 0x00000000eed00000, 0x00000000eed00000|100%| E|CS|TAMS 0x00000000eec00000, 0x00000000eec00000| Complete 
| 237|0x00000000eed00000, 0x00000000eee00000, 0x00000000eee00000|100%| E|CS|TAMS 0x00000000eed00000, 0x00000000eed00000| Complete 
| 238|0x00000000eee00000, 0x00000000eef00000, 0x00000000eef00000|100%| E|CS|TAMS 0x00000000eee00000, 0x00000000eee00000| Complete 
| 239|0x00000000eef00000, 0x00000000ef000000, 0x00000000ef000000|100%| E|CS|TAMS 0x00000000eef00000, 0x00000000eef00000| Complete 
| 240|0x00000000ef000000, 0x00000000ef100000, 0x00000000ef100000|100%| E|CS|TAMS 0x00000000ef000000, 0x00000000ef000000| Complete 
| 241|0x00000000ef100000, 0x00000000ef200000, 0x00000000ef200000|100%| E|CS|TAMS 0x00000000ef100000, 0x00000000ef100000| Complete 
| 242|0x00000000ef200000, 0x00000000ef300000, 0x00000000ef300000|100%| E|CS|TAMS 0x00000000ef200000, 0x00000000ef200000| Complete 
| 243|0x00000000ef300000, 0x00000000ef400000, 0x00000000ef400000|100%| E|CS|TAMS 0x00000000ef300000, 0x00000000ef300000| Complete 
| 244|0x00000000ef400000, 0x00000000ef500000, 0x00000000ef500000|100%| E|CS|TAMS 0x00000000ef400000, 0x00000000ef400000| Complete 
| 245|0x00000000ef500000, 0x00000000ef600000, 0x00000000ef600000|100%| E|CS|TAMS 0x00000000ef500000, 0x00000000ef500000| Complete 
| 246|0x00000000ef600000, 0x00000000ef700000, 0x00000000ef700000|100%| E|CS|TAMS 0x00000000ef600000, 0x00000000ef600000| Complete 
| 247|0x00000000ef700000, 0x00000000ef800000, 0x00000000ef800000|100%| E|CS|TAMS 0x00000000ef700000, 0x00000000ef700000| Complete 
| 248|0x00000000ef800000, 0x00000000ef900000, 0x00000000ef900000|100%| E|CS|TAMS 0x00000000ef800000, 0x00000000ef800000| Complete 
| 249|0x00000000ef900000, 0x00000000efa00000, 0x00000000efa00000|100%| E|CS|TAMS 0x00000000ef900000, 0x00000000ef900000| Complete 
| 250|0x00000000efa00000, 0x00000000efb00000, 0x00000000efb00000|100%| E|CS|TAMS 0x00000000efa00000, 0x00000000efa00000| Complete 
| 251|0x00000000efb00000, 0x00000000efc00000, 0x00000000efc00000|100%| E|CS|TAMS 0x00000000efb00000, 0x00000000efb00000| Complete 
| 252|0x00000000efc00000, 0x00000000efd00000, 0x00000000efd00000|100%| E|CS|TAMS 0x00000000efc00000, 0x00000000efc00000| Complete 
| 253|0x00000000efd00000, 0x00000000efe00000, 0x00000000efe00000|100%| E|CS|TAMS 0x00000000efd00000, 0x00000000efd00000| Complete 
| 254|0x00000000efe00000, 0x00000000eff00000, 0x00000000eff00000|100%| E|CS|TAMS 0x00000000efe00000, 0x00000000efe00000| Complete 
| 255|0x00000000eff00000, 0x00000000f0000000, 0x00000000f0000000|100%| E|CS|TAMS 0x00000000eff00000, 0x00000000eff00000| Complete 

Card table byte_map: [0x0000020237190000,0x0000020237290000] _byte_map_base: 0x0000020236a90000

Marking Bits (Prev, Next): (CMBitMap*) 0x000002021f5f68d0, (CMBitMap*) 0x000002021f5f6890
 Prev Bits: [0x0000020237b90000, 0x0000020238390000)
 Next Bits: [0x0000020237390000, 0x0000020237b90000)

Polling page: 0x000002021edb0000

Metaspace:

Usage:
  Non-class:     64.37 MB used.
      Class:      9.15 MB used.
       Both:     73.51 MB used.

Virtual space:
  Non-class space:       72.00 MB reserved,      64.88 MB ( 90%) committed,  9 nodes.
      Class space:      208.00 MB reserved,      10.19 MB (  5%) committed,  1 nodes.
              Both:      280.00 MB reserved,      75.06 MB ( 27%) committed. 

Chunk freelists:
   Non-Class:  6.95 MB
       Class:  2.19 MB
        Both:  9.14 MB

MaxMetaspaceSize: 256.00 MB
CompressedClassSpaceSize: 208.00 MB
 - commit_granule_bytes: 65536.
 - commit_granule_words: 8192.
 - virtual_space_node_default_size: 1048576.
 - enlarge_chunks_in_place: 1.
 - new_chunks_are_fully_committed: 0.
 - uncommit_free_chunks: 1.
 - use_allocation_guard: 0.
 - handle_deallocations: 1.


Internal statistics:

num_allocs_failed_limit: 9.
num_arena_births: 2580.
num_arena_deaths: 708.
num_vsnodes_births: 10.
num_vsnodes_deaths: 0.
num_space_committed: 1328.
num_space_uncommitted: 127.
num_chunks_returned_to_freelist: 1474.
num_chunks_taken_from_freelist: 6851.
num_chunk_merges: 482.
num_chunk_splits: 3904.
num_chunks_enlarged: 2000.
num_purges: 6.

CodeHeap 'non-profiled nmethods': size=120000Kb used=12474Kb max_used=12474Kb free=107526Kb
 bounds [0x000002022fa50000, 0x0000020230690000, 0x0000020236f80000]
CodeHeap 'profiled nmethods': size=120000Kb used=33161Kb max_used=34761Kb free=86838Kb
 bounds [0x0000020228520000, 0x000002022a720000, 0x000002022fa50000]
CodeHeap 'non-nmethods': size=5760Kb used=2388Kb max_used=2496Kb free=3371Kb
 bounds [0x0000020227f80000, 0x0000020228210000, 0x0000020228520000]
 total_blobs=17658 nmethods=16751 adapters=818
 compilation: enabled
              stopped_count=0, restarted_count=0
 full_count=0

Compilation events (20 events):
Event: 17680.123 Thread 0x000002023ab80350 21183       4       org.gradle.internal.component.external.model.JavaEcosystemVariantDerivationStrategy::platformWithUsageAttribute (88 bytes)
Event: 17680.146 Thread 0x000002023ab80350 nmethod 21183 0x000002023067d310 code [0x000002023067d580, 0x000002023067fa48]
Event: 17701.216 Thread 0x000002023ab80350 21185       4       java.util.Random::<init> (53 bytes)
Event: 17701.222 Thread 0x000002023ab80350 nmethod 21185 0x000002023047b990 code [0x000002023047bb20, 0x000002023047bd58]
Event: 17757.867 Thread 0x000002023ab82ad0 21186       1       org.gradle.launcher.daemon.server.api.DaemonCommandExecution::getDaemonStateControl (5 bytes)
Event: 17757.867 Thread 0x000002023ab82ad0 nmethod 21186 0x000002023047b510 code [0x000002023047b6a0, 0x000002023047b778]
Event: 17757.867 Thread 0x000002023ab82ad0 21187       1       org.gradle.cache.internal.FileIntegrityViolationSuppressingPersistentStateCacheDecorator::access$000 (5 bytes)
Event: 17757.867 Thread 0x000002023ab82ad0 nmethod 21187 0x000002022fd03a90 code [0x000002022fd03c20, 0x000002022fd03cd8]
Event: 17757.868 Thread 0x000002023ab80350 21188       4       org.gradle.internal.time.Time::startCountdownTimer (15 bytes)
Event: 17757.869 Thread 0x000002023ab82ad0 21189       1       org.gradle.launcher.daemon.registry.DaemonRegistryContent::access$200 (5 bytes)
Event: 17757.869 Thread 0x000002023ab82ad0 nmethod 21189 0x000002022fd03790 code [0x000002022fd03920, 0x000002022fd039d8]
Event: 17757.869 Thread 0x000002023ab82ad0 21190       1       org.gradle.launcher.daemon.registry.DaemonRegistryContent::access$300 (5 bytes)
Event: 17757.869 Thread 0x000002023ab82ad0 nmethod 21190 0x000002022fd03490 code [0x000002022fd03620, 0x000002022fd036d8]
Event: 17757.870 Thread 0x000002023ab82ad0 21191       1       org.gradle.cache.internal.SimpleStateCache$1Updater::access$200 (5 bytes)
Event: 17757.870 Thread 0x000002023ab82ad0 nmethod 21191 0x000002022fd03190 code [0x000002022fd03320, 0x000002022fd033d8]
Event: 17757.870 Thread 0x000002023ab80350 nmethod 21188 0x000002022fd02c10 code [0x000002022fd02da0, 0x000002022fd02fb8]
Event: 17757.872 Thread 0x000002023ab82ad0 21192       3       org.gradle.internal.logging.text.BufferingStyledTextOutput$ChangeStyleAction::execute (9 bytes)
Event: 17757.872 Thread 0x000002023ab82ad0 nmethod 21192 0x0000020229271b10 code [0x0000020229271ce0, 0x0000020229272048]
Event: 17757.872 Thread 0x000002023ab82ad0 21193       3       org.gradle.internal.logging.text.BufferingStyledTextOutput$ChangeStyleAction::execute (12 bytes)
Event: 17757.873 Thread 0x000002023ab82ad0 nmethod 21193 0x0000020228a53910 code [0x0000020228a53ac0, 0x0000020228a53ca8]

GC Heap History (20 events):
Event: 8068.834 GC heap before
{Heap before GC invocations=55 (full 0):
 garbage-first heap   total 262144K, used 212130K [0x00000000e0000000, 0x0000000100000000)
  region size 1024K, 91 young (93184K), 2 survivors (2048K)
 Metaspace       used 81833K, committed 83072K, reserved 286720K
  class space    used 10494K, committed 11072K, reserved 212992K
}
Event: 8068.839 GC heap after
{Heap after GC invocations=56 (full 0):
 garbage-first heap   total 262144K, used 128777K [0x00000000e0000000, 0x0000000100000000)
  region size 1024K, 9 young (9216K), 9 survivors (9216K)
 Metaspace       used 81833K, committed 83072K, reserved 286720K
  class space    used 10494K, committed 11072K, reserved 212992K
}
Event: 9294.220 GC heap before
{Heap before GC invocations=57 (full 0):
 garbage-first heap   total 262144K, used 212745K [0x00000000e0000000, 0x0000000100000000)
  region size 1024K, 92 young (94208K), 9 survivors (9216K)
 Metaspace       used 73190K, committed 76288K, reserved 286720K
  class space    used 9316K, committed 10432K, reserved 212992K
}
Event: 9294.226 GC heap after
{Heap after GC invocations=58 (full 0):
 garbage-first heap   total 262144K, used 95012K [0x00000000e0000000, 0x0000000100000000)
  region size 1024K, 8 young (8192K), 8 survivors (8192K)
 Metaspace       used 73190K, committed 76288K, reserved 286720K
  class space    used 9316K, committed 10432K, reserved 212992K
}
Event: 9294.238 GC heap before
{Heap before GC invocations=58 (full 0):
 garbage-first heap   total 262144K, used 99108K [0x00000000e0000000, 0x0000000100000000)
  region size 1024K, 12 young (12288K), 8 survivors (8192K)
 Metaspace       used 73192K, committed 76288K, reserved 286720K
  class space    used 9316K, committed 10432K, reserved 212992K
}
Event: 9294.254 GC heap after
{Heap after GC invocations=59 (full 0):
 garbage-first heap   total 262144K, used 77417K [0x00000000e0000000, 0x0000000100000000)
  region size 1024K, 2 young (2048K), 2 survivors (2048K)
 Metaspace       used 73192K, committed 76288K, reserved 286720K
  class space    used 9316K, committed 10432K, reserved 212992K
}
Event: 9752.599 GC heap before
{Heap before GC invocations=59 (full 0):
 garbage-first heap   total 262144K, used 193129K [0x00000000e0000000, 0x0000000100000000)
  region size 1024K, 116 young (118784K), 2 survivors (2048K)
 Metaspace       used 73622K, committed 76352K, reserved 286720K
  class space    used 9328K, committed 10432K, reserved 212992K
}
Event: 9752.604 GC heap after
{Heap after GC invocations=60 (full 0):
 garbage-first heap   total 262144K, used 84726K [0x00000000e0000000, 0x0000000100000000)
  region size 1024K, 9 young (9216K), 9 survivors (9216K)
 Metaspace       used 73622K, committed 76352K, reserved 286720K
  class space    used 9328K, committed 10432K, reserved 212992K
}
Event: 10025.008 GC heap before
{Heap before GC invocations=60 (full 0):
 garbage-first heap   total 262144K, used 198390K [0x00000000e0000000, 0x0000000100000000)
  region size 1024K, 121 young (123904K), 9 survivors (9216K)
 Metaspace       used 73901K, committed 76416K, reserved 286720K
  class space    used 9328K, committed 10432K, reserved 212992K
}
Event: 10025.012 GC heap after
{Heap after GC invocations=61 (full 0):
 garbage-first heap   total 262144K, used 82805K [0x00000000e0000000, 0x0000000100000000)
  region size 1024K, 7 young (7168K), 7 survivors (7168K)
 Metaspace       used 73901K, committed 76416K, reserved 286720K
  class space    used 9328K, committed 10432K, reserved 212992K
}
Event: 10336.202 GC heap before
{Heap before GC invocations=61 (full 0):
 garbage-first heap   total 262144K, used 200565K [0x00000000e0000000, 0x0000000100000000)
  region size 1024K, 123 young (125952K), 7 survivors (7168K)
 Metaspace       used 74246K, committed 76416K, reserved 286720K
  class space    used 9328K, committed 10432K, reserved 212992K
}
Event: 10336.204 GC heap after
{Heap after GC invocations=62 (full 0):
 garbage-first heap   total 262144K, used 82195K [0x00000000e0000000, 0x0000000100000000)
  region size 1024K, 6 young (6144K), 6 survivors (6144K)
 Metaspace       used 74246K, committed 76416K, reserved 286720K
  class space    used 9328K, committed 10432K, reserved 212992K
}
Event: 15697.367 GC heap before
{Heap before GC invocations=62 (full 0):
 garbage-first heap   total 262144K, used 204051K [0x00000000e0000000, 0x0000000100000000)
  region size 1024K, 126 young (129024K), 6 survivors (6144K)
 Metaspace       used 74294K, committed 76416K, reserved 286720K
  class space    used 9328K, committed 10432K, reserved 212992K
}
Event: 15697.375 GC heap after
{Heap after GC invocations=63 (full 0):
 garbage-first heap   total 262144K, used 80902K [0x00000000e0000000, 0x0000000100000000)
  region size 1024K, 5 young (5120K), 5 survivors (5120K)
 Metaspace       used 74294K, committed 76416K, reserved 286720K
  class space    used 9328K, committed 10432K, reserved 212992K
}
Event: 16281.594 GC heap before
{Heap before GC invocations=63 (full 0):
 garbage-first heap   total 262144K, used 206854K [0x00000000e0000000, 0x0000000100000000)
  region size 1024K, 129 young (132096K), 5 survivors (5120K)
 Metaspace       used 74716K, committed 76480K, reserved 286720K
  class space    used 9364K, committed 10432K, reserved 212992K
}
Event: 16281.598 GC heap after
{Heap after GC invocations=64 (full 0):
 garbage-first heap   total 262144K, used 83053K [0x00000000e0000000, 0x0000000100000000)
  region size 1024K, 7 young (7168K), 7 survivors (7168K)
 Metaspace       used 74716K, committed 76480K, reserved 286720K
  class space    used 9364K, committed 10432K, reserved 212992K
}
Event: 17262.151 GC heap before
{Heap before GC invocations=64 (full 0):
 garbage-first heap   total 262144K, used 209005K [0x00000000e0000000, 0x0000000100000000)
  region size 1024K, 131 young (134144K), 7 survivors (7168K)
 Metaspace       used 74946K, committed 76544K, reserved 286720K
  class space    used 9364K, committed 10432K, reserved 212992K
}
Event: 17262.156 GC heap after
{Heap after GC invocations=65 (full 0):
 garbage-first heap   total 262144K, used 86774K [0x00000000e0000000, 0x0000000100000000)
  region size 1024K, 11 young (11264K), 11 survivors (11264K)
 Metaspace       used 74946K, committed 76544K, reserved 286720K
  class space    used 9364K, committed 10432K, reserved 212992K
}
Event: 17502.266 GC heap before
{Heap before GC invocations=65 (full 0):
 garbage-first heap   total 262144K, used 208630K [0x00000000e0000000, 0x0000000100000000)
  region size 1024K, 131 young (134144K), 11 survivors (11264K)
 Metaspace       used 75167K, committed 76800K, reserved 286720K
  class space    used 9364K, committed 10432K, reserved 212992K
}
Event: 17502.270 GC heap after
{Heap after GC invocations=66 (full 0):
 garbage-first heap   total 262144K, used 82381K [0x00000000e0000000, 0x0000000100000000)
  region size 1024K, 4 young (4096K), 4 survivors (4096K)
 Metaspace       used 75167K, committed 76800K, reserved 286720K
  class space    used 9364K, committed 10432K, reserved 212992K
}

Deoptimization events (20 events):
Event: 17630.628 Thread 0x000002024289d300 DEOPT PACKING pc=0x0000020230431b6c sp=0x00000056aa3f9300
Event: 17630.628 Thread 0x000002024289d300 DEOPT UNPACKING pc=0x0000020227fcd72e sp=0x00000056aa3f9290 mode 2
Event: 17680.005 Thread 0x000002024141b4f0 DEOPT PACKING pc=0x0000020229570187 sp=0x00000056a84f9550
Event: 17680.005 Thread 0x000002024141b4f0 DEOPT UNPACKING pc=0x0000020227fcdece sp=0x00000056a84f89b0 mode 0
Event: 17680.066 Thread 0x000002023d812d20 Uncommon trap: trap_request=0xffffffbe fr.pc=0x000002023047fcac relative=0x000000000000030c
Event: 17680.066 Thread 0x000002023d812d20 Uncommon trap: reason=profile_predicate action=maybe_recompile pc=0x000002023047fcac method=sun.security.provider.HashDrbg.addBytes([BI[[B)V @ 36 c2
Event: 17680.066 Thread 0x000002023d812d20 DEOPT PACKING pc=0x000002023047fcac sp=0x00000056aa5fbf10
Event: 17680.066 Thread 0x000002023d812d20 DEOPT UNPACKING pc=0x0000020227fcd72e sp=0x00000056aa5fbe60 mode 2
Event: 17680.066 Thread 0x000002023d812d20 Uncommon trap: trap_request=0xffffffbe fr.pc=0x000002023047fcac relative=0x000000000000030c
Event: 17680.066 Thread 0x000002023d812d20 Uncommon trap: reason=profile_predicate action=maybe_recompile pc=0x000002023047fcac method=sun.security.provider.HashDrbg.addBytes([BI[[B)V @ 36 c2
Event: 17680.066 Thread 0x000002023d812d20 DEOPT PACKING pc=0x000002023047fcac sp=0x00000056aa5fbf10
Event: 17680.066 Thread 0x000002023d812d20 DEOPT UNPACKING pc=0x0000020227fcd72e sp=0x00000056aa5fbe60 mode 2
Event: 17680.067 Thread 0x000002023d812d20 Uncommon trap: trap_request=0xffffffbe fr.pc=0x000002023047fcac relative=0x000000000000030c
Event: 17680.067 Thread 0x000002023d812d20 Uncommon trap: reason=profile_predicate action=maybe_recompile pc=0x000002023047fcac method=sun.security.provider.HashDrbg.addBytes([BI[[B)V @ 36 c2
Event: 17680.067 Thread 0x000002023d812d20 DEOPT PACKING pc=0x000002023047fcac sp=0x00000056aa5fbf10
Event: 17680.067 Thread 0x000002023d812d20 DEOPT UNPACKING pc=0x0000020227fcd72e sp=0x00000056aa5fbe60 mode 2
Event: 17680.067 Thread 0x000002023d812d20 Uncommon trap: trap_request=0xffffffbe fr.pc=0x000002023047fcac relative=0x000000000000030c
Event: 17680.067 Thread 0x000002023d812d20 Uncommon trap: reason=profile_predicate action=maybe_recompile pc=0x000002023047fcac method=sun.security.provider.HashDrbg.addBytes([BI[[B)V @ 36 c2
Event: 17680.067 Thread 0x000002023d812d20 DEOPT PACKING pc=0x000002023047fcac sp=0x00000056aa5fbf10
Event: 17680.067 Thread 0x000002023d812d20 DEOPT UNPACKING pc=0x0000020227fcd72e sp=0x00000056aa5fbe60 mode 2

Classes unloaded (20 events):
Event: 8068.883 Thread 0x000002023ab569e0 Unloading class 0x0000000800d1b800 'jdk/internal/reflect/GeneratedSerializationConstructorAccessor20'
Event: 8068.883 Thread 0x000002023ab569e0 Unloading class 0x0000000800d1b400 'jdk/internal/reflect/GeneratedSerializationConstructorAccessor19'
Event: 8068.883 Thread 0x000002023ab569e0 Unloading class 0x0000000800d1b000 'jdk/internal/reflect/GeneratedSerializationConstructorAccessor18'
Event: 8068.883 Thread 0x000002023ab569e0 Unloading class 0x0000000800d1ac00 'jdk/internal/reflect/GeneratedSerializationConstructorAccessor17'
Event: 8068.883 Thread 0x000002023ab569e0 Unloading class 0x0000000800d1a800 'jdk/internal/reflect/GeneratedSerializationConstructorAccessor16'
Event: 8068.883 Thread 0x000002023ab569e0 Unloading class 0x0000000800d1a400 'jdk/internal/reflect/GeneratedMethodAccessor3'
Event: 8068.883 Thread 0x000002023ab569e0 Unloading class 0x0000000800d1a000 'jdk/internal/reflect/GeneratedMethodAccessor2'
Event: 8068.883 Thread 0x000002023ab569e0 Unloading class 0x0000000800d19c00 'jdk/internal/reflect/GeneratedSerializationConstructorAccessor15'
Event: 8068.883 Thread 0x000002023ab569e0 Unloading class 0x0000000800d19400 'jdk/internal/reflect/GeneratedSerializationConstructorAccessor13'
Event: 8068.883 Thread 0x000002023ab569e0 Unloading class 0x0000000800d19000 'jdk/internal/reflect/GeneratedSerializationConstructorAccessor12'
Event: 8068.883 Thread 0x000002023ab569e0 Unloading class 0x0000000800d18c00 'jdk/internal/reflect/GeneratedSerializationConstructorAccessor11'
Event: 8068.883 Thread 0x000002023ab569e0 Unloading class 0x0000000800d18800 'jdk/internal/reflect/GeneratedSerializationConstructorAccessor10'
Event: 8068.883 Thread 0x000002023ab569e0 Unloading class 0x0000000800d18400 'jdk/internal/reflect/GeneratedSerializationConstructorAccessor9'
Event: 8068.883 Thread 0x000002023ab569e0 Unloading class 0x0000000800d18000 'jdk/internal/reflect/GeneratedSerializationConstructorAccessor8'
Event: 8068.883 Thread 0x000002023ab569e0 Unloading class 0x0000000800d13c00 'jdk/internal/reflect/GeneratedSerializationConstructorAccessor7'
Event: 8068.883 Thread 0x000002023ab569e0 Unloading class 0x0000000800d13800 'jdk/internal/reflect/GeneratedSerializationConstructorAccessor6'
Event: 8068.883 Thread 0x000002023ab569e0 Unloading class 0x0000000800d13000 'jdk/internal/reflect/GeneratedSerializationConstructorAccessor4'
Event: 8068.883 Thread 0x000002023ab569e0 Unloading class 0x0000000800d12c00 'jdk/internal/reflect/GeneratedSerializationConstructorAccessor3'
Event: 8068.883 Thread 0x000002023ab569e0 Unloading class 0x0000000800d12400 'jdk/internal/reflect/GeneratedSerializationConstructorAccessor1'
Event: 8068.883 Thread 0x000002023ab569e0 Unloading class 0x0000000800c22000 'java/lang/invoke/LambdaForm$MH+0x0000000800c22000'

Classes redefined (0 events):
No events

Internal exceptions (20 events):
Event: 17630.553 Thread 0x000002024289d300 Exception <a 'sun/nio/fs/WindowsException'{0x00000000ecf6fe40}> (0x00000000ecf6fe40) 
thrown [e:\jenkins\tmp\workspace\build\src\src\hotspot\share\prims\jni.cpp, line 579]
Event: 17630.555 Thread 0x000002024289d300 Exception <a 'sun/nio/fs/WindowsException'{0x00000000ece553d0}> (0x00000000ece553d0) 
thrown [e:\jenkins\tmp\workspace\build\src\src\hotspot\share\prims\jni.cpp, line 579]
Event: 17630.555 Thread 0x000002024289d300 Exception <a 'sun/nio/fs/WindowsException'{0x00000000ece55720}> (0x00000000ece55720) 
thrown [e:\jenkins\tmp\workspace\build\src\src\hotspot\share\prims\jni.cpp, line 579]
Event: 17630.565 Thread 0x000002024289d300 Exception <a 'sun/nio/fs/WindowsException'{0x00000000ecdca728}> (0x00000000ecdca728) 
thrown [e:\jenkins\tmp\workspace\build\src\src\hotspot\share\prims\jni.cpp, line 579]
Event: 17630.565 Thread 0x000002024289d300 Exception <a 'sun/nio/fs/WindowsException'{0x00000000ecdcaa18}> (0x00000000ecdcaa18) 
thrown [e:\jenkins\tmp\workspace\build\src\src\hotspot\share\prims\jni.cpp, line 579]
Event: 17630.578 Thread 0x000002024289d300 Exception <a 'sun/nio/fs/WindowsException'{0x00000000ec8b69a8}> (0x00000000ec8b69a8) 
thrown [e:\jenkins\tmp\workspace\build\src\src\hotspot\share\prims\jni.cpp, line 579]
Event: 17630.578 Thread 0x000002024289d300 Exception <a 'sun/nio/fs/WindowsException'{0x00000000ec8b6cc0}> (0x00000000ec8b6cc0) 
thrown [e:\jenkins\tmp\workspace\build\src\src\hotspot\share\prims\jni.cpp, line 579]
Event: 17630.581 Thread 0x000002024289d300 Exception <a 'sun/nio/fs/WindowsException'{0x00000000ec8f8ad0}> (0x00000000ec8f8ad0) 
thrown [e:\jenkins\tmp\workspace\build\src\src\hotspot\share\prims\jni.cpp, line 579]
Event: 17630.581 Thread 0x000002024289d300 Exception <a 'sun/nio/fs/WindowsException'{0x00000000ec8f8df0}> (0x00000000ec8f8df0) 
thrown [e:\jenkins\tmp\workspace\build\src\src\hotspot\share\prims\jni.cpp, line 579]
Event: 17630.583 Thread 0x000002024289d300 Exception <a 'sun/nio/fs/WindowsException'{0x00000000ec74b8c8}> (0x00000000ec74b8c8) 
thrown [e:\jenkins\tmp\workspace\build\src\src\hotspot\share\prims\jni.cpp, line 579]
Event: 17630.583 Thread 0x000002024289d300 Exception <a 'sun/nio/fs/WindowsException'{0x00000000ec74bc10}> (0x00000000ec74bc10) 
thrown [e:\jenkins\tmp\workspace\build\src\src\hotspot\share\prims\jni.cpp, line 579]
Event: 17630.587 Thread 0x000002024289d300 Exception <a 'sun/nio/fs/WindowsException'{0x00000000ec6ca7b0}> (0x00000000ec6ca7b0) 
thrown [e:\jenkins\tmp\workspace\build\src\src\hotspot\share\prims\jni.cpp, line 579]
Event: 17630.588 Thread 0x000002024289d300 Exception <a 'sun/nio/fs/WindowsException'{0x00000000ec6cab00}> (0x00000000ec6cab00) 
thrown [e:\jenkins\tmp\workspace\build\src\src\hotspot\share\prims\jni.cpp, line 579]
Event: 17630.589 Thread 0x000002024289d300 Exception <a 'sun/nio/fs/WindowsException'{0x00000000ec6e0798}> (0x00000000ec6e0798) 
thrown [e:\jenkins\tmp\workspace\build\src\src\hotspot\share\prims\jni.cpp, line 579]
Event: 17630.589 Thread 0x000002024289d300 Exception <a 'sun/nio/fs/WindowsException'{0x00000000ec6e0aa8}> (0x00000000ec6e0aa8) 
thrown [e:\jenkins\tmp\workspace\build\src\src\hotspot\share\prims\jni.cpp, line 579]
Event: 17630.594 Thread 0x000002024289d300 Exception <a 'sun/nio/fs/WindowsException'{0x00000000ec462c58}> (0x00000000ec462c58) 
thrown [e:\jenkins\tmp\workspace\build\src\src\hotspot\share\prims\jni.cpp, line 579]
Event: 17630.610 Thread 0x000002024289d300 Exception <a 'sun/nio/fs/WindowsException'{0x00000000ec30f828}> (0x00000000ec30f828) 
thrown [e:\jenkins\tmp\workspace\build\src\src\hotspot\share\prims\jni.cpp, line 579]
Event: 17630.629 Thread 0x000002024289d300 Exception <a 'sun/nio/fs/WindowsException'{0x00000000ec233c98}> (0x00000000ec233c98) 
thrown [e:\jenkins\tmp\workspace\build\src\src\hotspot\share\prims\jni.cpp, line 579]
Event: 17680.040 Thread 0x000002024141b4f0 Exception <a 'sun/nio/fs/WindowsException'{0x00000000ebce2470}> (0x00000000ebce2470) 
thrown [e:\jenkins\tmp\workspace\build\src\src\hotspot\share\prims\jni.cpp, line 579]
Event: 17680.040 Thread 0x000002024141b4f0 Exception <a 'sun/nio/fs/WindowsException'{0x00000000ebce2768}> (0x00000000ebce2768) 
thrown [e:\jenkins\tmp\workspace\build\src\src\hotspot\share\prims\jni.cpp, line 579]

Events (20 events):
Event: 17680.035 Thread 0x000002023d813d10 Thread added: 0x000002023d813d10
Event: 17680.035 Thread 0x000002023d8117e0 Thread added: 0x000002023d8117e0
Event: 17680.046 Thread 0x000002023d812d20 Thread added: 0x000002023d812d20
Event: 17680.046 Thread 0x000002023d814260 Thread added: 0x000002023d814260
Event: 17680.046 Thread 0x000002023d8127d0 Thread added: 0x000002023d8127d0
Event: 17680.046 Thread 0x000002023d813270 Thread added: 0x000002023d813270
Event: 17680.046 Thread 0x000002023d811d30 Thread added: 0x000002023d811d30
Event: 17680.048 Thread 0x000002023f168b20 Thread added: 0x000002023f168b20
Event: 17680.738 Executing  VM operation: Cleanup
Event: 17680.738 Executing  VM operation: Cleanup done
Event: 17697.878 Executing  VM operation: Cleanup
Event: 17697.878 Executing  VM operation: Cleanup done
Event: 17757.871 Thread 0x000002023d811d30 Thread exited: 0x000002023d811d30
Event: 17757.871 Thread 0x000002023d813270 Thread exited: 0x000002023d813270
Event: 17757.871 Thread 0x000002023d814260 Thread exited: 0x000002023d814260
Event: 17757.871 Thread 0x000002023d812d20 Thread exited: 0x000002023d812d20
Event: 17757.871 Thread 0x000002023d8127d0 Thread exited: 0x000002023d8127d0
Event: 17757.884 Thread 0x00000202420a9060 Thread exited: 0x00000202420a9060
Event: 17757.885 Thread 0x00000202420a7080 Thread exited: 0x00000202420a7080
Event: 17757.891 Thread 0x000002023f168b20 Thread exited: 0x000002023f168b20


Dynamic libraries:
0x00007ff703e20000 - 0x00007ff703e2e000 	C:\Program Files\AdoptOpenJDK\jdk-16.0.1.9-hotspot\bin\java.exe
0x00007ffac63f0000 - 0x00007ffac65e5000 	C:\WINDOWS\SYSTEM32\ntdll.dll
0x00007ffac60c0000 - 0x00007ffac617d000 	C:\WINDOWS\System32\KERNEL32.DLL
0x00007ffac3df0000 - 0x00007ffac40b9000 	C:\WINDOWS\System32\KERNELBASE.dll
0x00007ffac3b90000 - 0x00007ffac3c90000 	C:\WINDOWS\System32\ucrtbase.dll
0x00007ffab4f20000 - 0x00007ffab4f38000 	C:\Program Files\AdoptOpenJDK\jdk-16.0.1.9-hotspot\bin\jli.dll
0x00007ffab54d0000 - 0x00007ffab54e9000 	C:\Program Files\AdoptOpenJDK\jdk-16.0.1.9-hotspot\bin\VCRUNTIME140.dll
0x00007ffac50d0000 - 0x00007ffac5270000 	C:\WINDOWS\System32\USER32.dll
0x00007ffac3d70000 - 0x00007ffac3d92000 	C:\WINDOWS\System32\win32u.dll
0x00007ffac4620000 - 0x00007ffac464a000 	C:\WINDOWS\System32\GDI32.dll
0x00007ffaa1770000 - 0x00007ffaa1a0a000 	C:\WINDOWS\WinSxS\amd64_microsoft.windows.common-controls_6595b64144ccf1df_6.0.19041.1110_none_60b5254171f9507e\COMCTL32.dll
0x00007ffac4350000 - 0x00007ffac445b000 	C:\WINDOWS\System32\gdi32full.dll
0x00007ffac5030000 - 0x00007ffac50ce000 	C:\WINDOWS\System32\msvcrt.dll
0x00007ffac4150000 - 0x00007ffac41ed000 	C:\WINDOWS\System32\msvcp_win.dll
0x00007ffac6090000 - 0x00007ffac60c0000 	C:\WINDOWS\System32\IMM32.DLL
0x00007ffabcf00000 - 0x00007ffabcf0c000 	C:\Program Files\AdoptOpenJDK\jdk-16.0.1.9-hotspot\bin\vcruntime140_1.dll
0x00007ffaab7f0000 - 0x00007ffaab881000 	C:\Program Files\AdoptOpenJDK\jdk-16.0.1.9-hotspot\bin\msvcp140.dll
0x00007ffa5b010000 - 0x00007ffa5bc48000 	C:\Program Files\AdoptOpenJDK\jdk-16.0.1.9-hotspot\bin\server\jvm.dll
0x00007ffac4460000 - 0x00007ffac450c000 	C:\WINDOWS\System32\ADVAPI32.dll
0x00007ffac5cc0000 - 0x00007ffac5d5b000 	C:\WINDOWS\System32\sechost.dll
0x00007ffac5dd0000 - 0x00007ffac5efa000 	C:\WINDOWS\System32\RPCRT4.dll
0x00007ffac6320000 - 0x00007ffac6328000 	C:\WINDOWS\System32\PSAPI.DLL
0x00007ffaa81c0000 - 0x00007ffaa81e7000 	C:\WINDOWS\SYSTEM32\WINMM.dll
0x00007ffaa07a0000 - 0x00007ffaa07a9000 	C:\WINDOWS\SYSTEM32\WSOCK32.dll
0x00007ffabbee0000 - 0x00007ffabbeea000 	C:\WINDOWS\SYSTEM32\VERSION.dll
0x00007ffac5d60000 - 0x00007ffac5dcb000 	C:\WINDOWS\System32\WS2_32.dll
0x00007ffac1a80000 - 0x00007ffac1a92000 	C:\WINDOWS\SYSTEM32\kernel.appcore.dll
0x00007ffabcb70000 - 0x00007ffabcb7a000 	C:\Program Files\AdoptOpenJDK\jdk-16.0.1.9-hotspot\bin\jimage.dll
0x00007ffabe450000 - 0x00007ffabe634000 	C:\WINDOWS\SYSTEM32\DBGHELP.DLL
0x00007ffabe380000 - 0x00007ffabe3ac000 	C:\WINDOWS\SYSTEM32\dbgcore.DLL
0x00007ffac40c0000 - 0x00007ffac4143000 	C:\WINDOWS\System32\bcryptPrimitives.dll
0x00007ffaac5f0000 - 0x00007ffaac615000 	C:\Program Files\AdoptOpenJDK\jdk-16.0.1.9-hotspot\bin\java.dll
0x00007ffac46b0000 - 0x00007ffac4def000 	C:\WINDOWS\System32\SHELL32.dll
0x00007ffac1c80000 - 0x00007ffac2411000 	C:\WINDOWS\SYSTEM32\windows.storage.dll
0x00007ffac5360000 - 0x00007ffac56b5000 	C:\WINDOWS\System32\combase.dll
0x00007ffac35a0000 - 0x00007ffac35cc000 	C:\WINDOWS\SYSTEM32\Wldp.dll
0x00007ffac4510000 - 0x00007ffac45be000 	C:\WINDOWS\System32\SHCORE.dll
0x00007ffac56c0000 - 0x00007ffac5715000 	C:\WINDOWS\System32\shlwapi.dll
0x00007ffac3a70000 - 0x00007ffac3a8f000 	C:\WINDOWS\SYSTEM32\profapi.dll
0x00007ffaac5d0000 - 0x00007ffaac5e9000 	C:\Program Files\AdoptOpenJDK\jdk-16.0.1.9-hotspot\bin\net.dll
0x00007ffabef80000 - 0x00007ffabf08a000 	C:\WINDOWS\SYSTEM32\WINHTTP.dll
0x00007ffac3300000 - 0x00007ffac336a000 	C:\WINDOWS\system32\mswsock.dll
0x00007ffaac540000 - 0x00007ffaac553000 	C:\Program Files\AdoptOpenJDK\jdk-16.0.1.9-hotspot\bin\nio.dll
0x00007ffaab7d0000 - 0x00007ffaab7e8000 	C:\Program Files\AdoptOpenJDK\jdk-16.0.1.9-hotspot\bin\zip.dll
0x00007ffabcb50000 - 0x00007ffabcb60000 	C:\Program Files\AdoptOpenJDK\jdk-16.0.1.9-hotspot\bin\verify.dll
0x00007ffab4fb0000 - 0x00007ffab4fd7000 	C:\Users\80010-02-10\.gradle\native\49d0259a56938c7f99b2704e745ce422c4f750a7a20b539a32ccef96729676b1\windows-amd64\native-platform.dll
0x00007ffa6cae0000 - 0x00007ffa6cc76000 	C:\Users\80010-02-10\.gradle\native\12488b8bf47d2d4c9fbf2f6322a914ad602e24e48041cd04a747c6da556b65c4\windows-amd64\native-platform-file-events.dll
0x00007ffab87a0000 - 0x00007ffab87a9000 	C:\Program Files\AdoptOpenJDK\jdk-16.0.1.9-hotspot\bin\management.dll
0x00007ffab8710000 - 0x00007ffab871b000 	C:\Program Files\AdoptOpenJDK\jdk-16.0.1.9-hotspot\bin\management_ext.dll
0x00007ffac34e0000 - 0x00007ffac34f8000 	C:\WINDOWS\SYSTEM32\CRYPTSP.dll
0x00007ffac2bd0000 - 0x00007ffac2c04000 	C:\WINDOWS\system32\rsaenh.dll
0x00007ffac3d40000 - 0x00007ffac3d67000 	C:\WINDOWS\System32\bcrypt.dll
0x00007ffac3a30000 - 0x00007ffac3a5e000 	C:\WINDOWS\SYSTEM32\USERENV.dll
0x00007ffac3500000 - 0x00007ffac350c000 	C:\WINDOWS\SYSTEM32\CRYPTBASE.dll
0x00007ffac2fa0000 - 0x00007ffac2fdb000 	C:\WINDOWS\SYSTEM32\IPHLPAPI.DLL
0x00007ffac5270000 - 0x00007ffac5278000 	C:\WINDOWS\System32\NSI.dll
0x00007ffabf0c0000 - 0x00007ffabf0d7000 	C:\WINDOWS\SYSTEM32\dhcpcsvc6.DLL
0x00007ffabf090000 - 0x00007ffabf0ad000 	C:\WINDOWS\SYSTEM32\dhcpcsvc.DLL
0x00007ffac2fe0000 - 0x00007ffac30ac000 	C:\WINDOWS\SYSTEM32\DNSAPI.dll
0x00007ffab63e0000 - 0x00007ffab63ee000 	C:\Program Files\AdoptOpenJDK\jdk-16.0.1.9-hotspot\bin\sunmscapi.dll
0x00007ffac41f0000 - 0x00007ffac434f000 	C:\WINDOWS\System32\CRYPT32.dll
0x00007ffac3610000 - 0x00007ffac3637000 	C:\WINDOWS\SYSTEM32\ncrypt.dll
0x00007ffac35d0000 - 0x00007ffac360b000 	C:\WINDOWS\SYSTEM32\NTASN1.dll
0x00007ffab6250000 - 0x00007ffab6257000 	C:\WINDOWS\system32\wshunix.dll

dbghelp: loaded successfully - version: 4.0.5 - missing functions: none
symbol engine: initialized successfully - sym options: 0x614 - pdb path: .;C:\Program Files\AdoptOpenJDK\jdk-16.0.1.9-hotspot\bin;C:\WINDOWS\SYSTEM32;C:\WINDOWS\WinSxS\amd64_microsoft.windows.common-controls_6595b64144ccf1df_6.0.19041.1110_none_60b5254171f9507e;C:\Program Files\AdoptOpenJDK\jdk-16.0.1.9-hotspot\bin\server;C:\Users\80010-02-10\.gradle\native\49d0259a56938c7f99b2704e745ce422c4f750a7a20b539a32ccef96729676b1\windows-amd64;C:\Users\80010-02-10\.gradle\native\12488b8bf47d2d4c9fbf2f6322a914ad602e24e48041cd04a747c6da556b65c4\windows-amd64

VM Arguments:
jvm_args: -XX:MaxMetaspaceSize=256m -XX:+HeapDumpOnOutOfMemoryError --add-opens=java.base/java.util=ALL-UNNAMED --add-opens=java.base/java.lang=ALL-UNNAMED --add-opens=java.base/java.lang.invoke=ALL-UNNAMED --add-opens=java.base/java.util=ALL-UNNAMED --add-opens=java.prefs/java.util.prefs=ALL-UNNAMED --add-opens=java.prefs/java.util.prefs=ALL-UNNAMED --add-opens=java.base/java.nio.charset=ALL-UNNAMED --add-opens=java.base/java.net=ALL-UNNAMED --add-opens=java.base/java.util.concurrent.atomic=ALL-UNNAMED -Xms256m -Xmx512m -Dfile.encoding=windows-1252 -Duser.country=FR -Duser.language=fr -Duser.variant 
java_command: org.gradle.launcher.daemon.bootstrap.GradleDaemon 7.0
java_class_path (initial): C:\Users\80010-02-10\.gradle\wrapper\dists\gradle-7.0-bin\2p9ebqfz6ilrfozi676ogco7n\gradle-7.0\lib\gradle-launcher-7.0.jar
Launcher Type: SUN_STANDARD

[Global flags]
     intx CICompilerCount                          = 3                                         {product} {ergonomic}
   size_t CompressedClassSpaceSize                 = 218103808                                 {product} {ergonomic}
     uint ConcGCThreads                            = 2                                         {product} {ergonomic}
     uint G1ConcRefinementThreads                  = 6                                         {product} {ergonomic}
   size_t G1HeapRegionSize                         = 1048576                                   {product} {ergonomic}
    uintx GCDrainStackTargetSize                   = 64                                        {product} {ergonomic}
     bool HeapDumpOnOutOfMemoryError               = true                                   {manageable} {command line}
   size_t InitialHeapSize                          = 268435456                                 {product} {command line}
   size_t MarkStackSize                            = 4194304                                   {product} {ergonomic}
   size_t MaxHeapSize                              = 536870912                                 {product} {command line}
   size_t MaxMetaspaceSize                         = 268435456                                 {product} {command line}
   size_t MaxNewSize                               = 321912832                                 {product} {ergonomic}
   size_t MinHeapDeltaBytes                        = 1048576                                   {product} {ergonomic}
   size_t MinHeapSize                              = 268435456                                 {product} {command line}
    uintx NonNMethodCodeHeapSize                   = 5832780                                {pd product} {ergonomic}
    uintx NonProfiledCodeHeapSize                  = 122912730                              {pd product} {ergonomic}
    uintx ProfiledCodeHeapSize                     = 122912730                              {pd product} {ergonomic}
    uintx ReservedCodeCacheSize                    = 251658240                              {pd product} {ergonomic}
     bool SegmentedCodeCache                       = true                                      {product} {ergonomic}
   size_t SoftMaxHeapSize                          = 536870912                              {manageable} {ergonomic}
     bool UseCompressedClassPointers               = true                           {product lp64_product} {ergonomic}
     bool UseCompressedOops                        = true                           {product lp64_product} {ergonomic}
     bool UseG1GC                                  = true                                      {product} {ergonomic}
     bool UseLargePagesIndividualAllocation        = false                                  {pd product} {ergonomic}

Logging:
Log output configuration:
 #0: stdout all=warning uptime,level,tags
 #1: stderr all=off uptime,level,tags

Environment Variables:
JAVA_HOME=C:\Program Files\AdoptOpenJDK\jdk-16.0.1.9-hotspot\
PATH=C:\Program Files\AdoptOpenJDK\jdk-16.0.1.9-hotspot\bin;C:\Program Files (x86)\Common Files\Oracle\Java\javapath;C:\WINDOWS\system32;C:\WINDOWS;C:\WINDOWS\System32\Wbem;C:\WINDOWS\System32\WindowsPowerShell\v1.0\;C:\WINDOWS\System32\OpenSSH\;C:\Program Files (x86)\Microsoft VS Code\bin;C:\Program Files\dotnet\;C:\Program Files\Microsoft SQL Server\130\Tools\Binn\;C:\Program Files\Microsoft SQL Server\Client SDK\ODBC\170\Tools\Binn\;C:\ProgramData\ComposerSetup\bin;C:\Program Files\Symfony;C:\php-7.4.20;C:\Program Files\Git\cmd;C:\Users\80010-02-10\AppData\Local\Microsoft\WindowsApps;C:\Users\80010-02-10\AppData\Roaming\Composer\vendor\bin;C:\Program Files\JetBrains\PhpStorm 2021.1.3\bin;;C:\Program Files\JetBrains\IntelliJ IDEA 2021.1.3\bin;
USERNAME=80010-02-10
OS=Windows_NT
PROCESSOR_IDENTIFIER=Intel64 Family 6 Model 158 Stepping 10, GenuineIntel



---------------  S Y S T E M  ---------------

OS:
 Windows 10 , 64 bit Build 19041 (10.0.19041.1023)
OS uptime: 0 days 7:23 hours

CPU: total 6 (initial active 6) (6 cores per cpu, 1 threads per core) family 6 model 158 stepping 10 microcode 0xb4, cx8, cmov, fxsr, mmx, 3dnowpref, sse, sse2, sse3, ssse3, sse4.1, sse4.2, popcnt, lzcnt, tsc, tscinvbit, avx, avx2, aes, erms, clmul, bmi1, bmi2, adx, fma, vzeroupper, clflush, clflushopt

Memory: 4k page, system-wide physical 16219M (8731M free)
TotalPageFile size 18651M (AvailPageFile size 7706M)
current process WorkingSet (physical memory assigned to process): 509M, peak: 515M
current process commit charge ("private bytes"): 554M, peak: 561M

vm_info: OpenJDK 64-Bit Server VM (16.0.1+9) for windows-amd64 JRE (16.0.1+9), built on Apr 21 2021 12:30:27 by "" with MS VC++ 16.7 (VS2019)

END.
